76
SkyXv9
c1018 c398 c1186 c564 c740 c86 c1481 c357 c480 c99 c1252 c1140 c364 c48 c762 c439 c949 c495 c751 c510 c831 c388 c41 c50 c183 c1366 c952 c1468 c681 c1255 c1283 c890 c950 c207 c602 c841 c530 c782 c476 c1211 c295 c730 c1019 c335 c649 c58 c151 c264 c902 c410
DatasetSearchZv7
c514 c223 c1069 c55 c816 c329 c291 c70 c697 c893 c292 c799 c881 c1325 c565 c1392 c957 c270 c1266 c422 c779 c191 c1355 c486 c1257 c554 c1191 c111 c699 c320 c846 c1113 c66 c703 c1165 c634 c29 c1109 c1046 c1304 c550 c942 c567 c1326 c932 c454 c1052 c539
YouTubeXv1
c465 c819 c140 c184 c101 c1055 c278 c671 c939 c39 c133 c1472 c520 c1015 c384 c311 c525 c986 c1467 c1348 c604 c205 c700 c330 c1116 c1100 c1265 c37 c149 c1403 c715 c1489 c1163 c919 c764 c326 c682 c408 c1271 c781
AndroidSv3
c1156 c692 c1138 c1136 c879 c897 c59 c53 c1023 c423 c6 c1130 c1423 c1031 c1249 c1284 c1401 c36 c1272 c432 c1373 c617 c1487 c1385 c1022 c413 c1418 c1367 c915 c883 c1256 c665 c1033 c1365 c26 c32 c973 c225 c1216 c1210 c1400 c812 c1303 c1492 c1478 c724 c1127 c648
FlightsSv2
c817 c736 c978 c549 c605 c1065 c18 c379 c444 c1078 c784 c276 c90 c1143 c1371 c271 c365 c698 c1192 c579 c795 c878 c1103 c1397 c857 c100 c678 c1208 c35 c680 c279 c1417 c664 c624 c64 c110 c770 c1406 c1264 c176 c548 c1157 c85 c847 c87 c1094 c922 c356
DatabaseUltrav7
c491 c837 c500 c374 c527 c378 c964 c327 c275 c1062 c1073 c1422 c1207 c1276 c132 c120 c1029 c640 c1129 c1093 c304 c1394 c228 c766 c1296 c255 c1050 c446 c1377 c828 c323 c577 c1488 c224 c487 c359 c1067 c591 c265 c3 c662 c1414 c1037 c1236 c507 c289 c744 c394 c455 c825 c540 c1398 c655 c1383 c57 c1224
ChromecastZv5
c13 c1254 c130 c536 c1077 c347 c1411 c1298 c1342 c52 c171 c196 c481 c533 c1072 c623 c1351 c603 c1227 c231 c137 c614 c186 c14 c829 c1179 c219 c1324 c259 c28 c1461 c961 c931 c1159 c632 c470 c1346 c1471 c159 c11 c1301
MapsUltrav8
c647 c654 c153 c1161 c134 c595 c725 c1203 c345 c78 c450 c1243 c322 c306 c472 c1175 c780 c663 c877 c1431 c167 c1144 c794 c1302 c553 c315 c658 c814 c1005 c319 c33 c158 c348 c1182 c1154 c1490 c339 c1454 c1251 c414 c1299 c733 c1058 c1409 c131 c511 c679 c641 c469 c204 c405 c1003 c1368 c975
ChatLitev7
c1275 c417 c822 c843 c437 c1096 c1007 c1202 c0 c1440 c148 c464 c1092 c910 c904 c1354 c803 c768 c1160 c386 c211 c1232 c457 c1041 c991 c67 c1009 c371 c625 c217 c716 c870 c1413 c1098 c1112 c1376 c773 c436 c428 c242 c1008 c907 c739 c425 c1086 c1141 c517 c180 c1104 c1290 c257
BooksLitev3
c1168 c925 c460 c1213 c1419 c1445 c1421 c1131 c1415 c615 c65 c543 c60 c656 c166 c999 c544 c116 c737 c267 c1456 c1089 c908 c686 c669 c488 c513 c478 c1412 c143 c451 c1 c1162 c849 c416 c516 c56 c1001 c797 c1450 c1040 c1343 c1108 c61 c152 c917
DuoMaxv4
c1035 c677 c672 c506 c1171 c923 c1405 c1076 c1341 c282 c310 c626 c1233 c885 c826 c1441 c1316 c1248 c581 c701 c368 c705 c1119 c807 c407 c1318 c1470 c645 c445 c769 c135 c760 c248 c31 c485 c1083 c590 c613 c1028 c83
CurrentsLitev2
c411 c1289 c738 c1172 c979 c16 c509 c331 c801 c142 c1126 c283 c202 c147 c793 c146 c835 c856 c989 c328 c584 c161 c361 c954 c187 c675 c1363 c959 c1285 c229 c1080 c633 c571 c435 c1114 c263
DaydreamUltrav1
c466 c583 c901 c1479 c622 c765 c534 c377 c892 c832 c284 c854 c526 c1074 c642 c1381 c824 c1335 c1209 c1006 c785 c312 c1206 c9 c1123 c293 c427 c631 c499 c343 c1075 c968 c945 c1215 c1070 c1081 c650 c1234 c1391 c1328 c241 c1223 c77 c1173 c589
OsZv8
c104 c1322 c294 c994 c1090 c1245 c395 c426 c234 c1357 c88 c1274 c501 c783 c1064 c1011 c806 c940 c594 c1066 c463 c268 c777 c1079 c19 c172 c984 c474 c1135 c136 c342 c689 c1188 c1134 c273 c928 c518 c537 c1054 c239 c404 c1026 c990 c1451 c1204 c628 c164 c630 c1407 c734 c154 c1387 c162 c1132 c974 c475
FinanceLitev1
c936 c987 c742 c898 c729 c1240 c1219 c1337 c1399 c1196 c34 c723 c745 c23 c1372 c1416 c317 c759 c868 c863 c5 c393 c561 c1339 c1247 c1205 c1288 c696 c1263 c355 c985 c300 c578 c951
AssistantSv6
c767 c704 c673 c1444 c612 c776 c468 c333 c27 c1291 c1282 c1269 c1332 c189 c1057 c479 c556 c72 c693 c871 c285 c1056 c1408 c1184 c963 c209 c387 c1495 c308 c274 c1310 c1388 c1473 c833 c1246 c125 c1360 c886 c45 c757 c1177 c448 c336 c74 c1410
SkyNextv7
c200 c25 c1273 c258 c993 c324 c1230 c1390 c888 c462 c305 c944 c325 c1279 c685 c434 c1043 c538 c1268 c748 c1222 c813 c818 c174 c606 c1241 c390 c545 c1238 c796 c820 c851 c1068 c353 c269 c449 c246 c719 c108 c998 c424
ChromecastSv2
c887 c1237 c852 c607 c1311 c1088 c845 c498 c22 c112 c1314 c314 c30 c1369 c1395 c1386 c558 c750 c175 c266 c63 c338 c218 c933 c247 c1095 c1420 c706 c1099 c1378 c1139 c1164 c301 c1280 c203 c1340 c546 c1446 c1048 c261 c1329 c206 c89 c962 c1443 c233 c802 c535 c1229 c1253 c221
NewsXv4
c340 c1452 c821 c484 c94 c661 c1039 c443 c946 c442 c138 c646 c1287 c1195 c155 c115 c253 c1198 c409 c1147 c493 c1176 c1146 c1034 c519 c389 c197 c889 c652 c1262 c170 c38 c728 c1315 c249 c1032 c1166 c611 c1429 c399
AndroidAutoUltrav1
c1121 c98 c859 c659 c492 c983 c385 c1294 c483 c707 c1475 c651 c473 c746 c1091 c193 c635 c418 c350 c1449 c1014 c1110 c670 c960 c1047 c376 c929 c127 c103 c1496 c727 c1493 c1030 c1438 c121 c1004 c1221
DuoZv7
c805 c588 c208 c722 c230 c695 c1379 c243 c815 c303 c299 c1345 c568 c996 c1000 c1321 c254 c713 c1149 c1217 c1107 c1447 c369 c1402 c139 c185 c1013 c560 c1124 c1277 c334
CastOSSv8
c972 c181 c497 c1097 c524 c73 c1218 c1002 c838 c1382 c370 c199 c639 c372 c627 c260 c869 c1225 c362 c173
StreamUltrav2
c216 c636 c1389 c382 c977 c874 c895 c156 c575 c691 c150 c598 c809 c637 c573 c916 c1352 c401 c844 c1259 c896 c596 c823 c92 c621 c924 c967 c145 c1133 c982 c688 c1336 c1480 c899 c643 c1189 c599 c909 c1183 c12 c337 c441 c321 c91 c1042 c1334
PhotoZv5
c502 c93 c397 c1151 c1349 c638 c296 c461 c918 c412 c1292 c1150 c1359 c880 c865 c420 c572 c129 c360 c789 c569 c118 c141 c47 c79 c1484 c194 c593 c708 c601
FuchsiaZv7
c1469 c1016 c381 c712 c1220 c1258 c226 c1231 c351 c188 c433 c867 c1297 c741 c947 c1455 c1428 c346 c298 c290 c1361 c123 c1170 c21 c97 c62 c1362 c557 c827 c676 c452 c1200 c54 c551 c842 c178 c482 c1486 c778 c214 c1375 c587 c1494 c800 c1036 c400 c245 c1437 c761 c402 c168 c1370 c1364 c921 c1281 c1260 c489
StorageUltrav2
c1115 c965 c1380 c1356 c344 c71 c758 c1027 c1317 c1300 c122 c667 c791 c610 c341 c1295 c875 c195 c1010 c600 c866 c1185 c687 c1425 c755 c882 c1476 c787 c42 c1193 c943 c165 c182 c1305 c1462 c788 c653 c227 c198 c804
ImagesZv5
c277 c1239 c69 c467 c179 c367 c447 c477 c1498 c1267 c850 c894 c240 c810 c1087 c709 c798 c1330 c1197 c714 c503 c552 c1433 c2 c743 c84 c113 c177 c855 c860 c574 c20 c505 c585 c459 c109 c992 c619 c252 c1049 c927 c107 c7 c415 c840 c988 c332 c157 c354 c396 c1101 c392 c834 c1491 c1427
AlertsZv3
c95 c1059 c144 c747 c926 c1084 c201 c958 c1244 c1430 c811 c905 c1053 c128 c309 c375 c75 c1270 c43 c1226 c608 c215
PhotoNextv6
c930 c190 c717 c1137 c523 c1404 c453 c853 c1465 c1426 c980 c862 c1436 c68 c702 c1045 c542 c237 c1012 c1313 c1338
ShoppingUltrav8
c471 c1187 c995 c24 c169 c244 c1393 c352 c1482 c914 c1309 c1071 c1020 c1466 c900 c358 c1374 c1307 c124 c297 c82 c46 c235 c406 c1459 c913
FlightsUltrav5
c1148 c941 c532 c541 c1308 c163 c1485 c458 c1024 c1038 c891 c1122 c997 c674 c4 c1344 c935 c839 c105 c287 c508 c969 c302 c222 c380 c496 c1331 c1384 c1180 c494 c403 c419 c106 c51 c1439 c349 c555
DataSv1
c818 c381 c1115 c1027 c123 c258 c325 c290 c108 c519 c449 c732 c269 c1039 c246 c888 c576 c921 c1380 c545 c165 c353 c646 c390 c1268 c1146 c796 c667 c748 c174 c409 c1279 c719 c305 c813 c1230 c462 c1170 c493 c836 c1273 c442 c188 c1390 c54
SitesUltrav3
c851 c359 c964 c25 c611 c936 c1238 c1166 c38 c1149 c3 c323 c197 c1315 c1399 c1296 c487 c591 c1263 c1205 c766 c742 c393 c477 c446 c1073 c394 c378 c289 c1260 c1050 c1377 c685 c1276 c224 c1416 c500 c1414 c94 c1093 c1067 c1222 c1062 c254 c228 c527 c1236
MapsZv4
c346 c787 c1010 c1361 c998 c867 c866 c912 c1068 c344 c399 c754 c712 c1043 c1032 c741 c433 c778 c114 c1428 c484 c1429 c1364 c1195 c830 c351 c1486 c402 c253 c1147 c528 c249 c827 c1281 c946 c820 c200 c341 c170
ShoppingUltrav6
c245 c115 c155 c944 c62 c943 c1262 c21 c69 c443 c424 c1297 c661 c804 c850 c1295 c213 c1356 c1305 c1455 c324 c1185 c389 c587 c860 c281 c606 c551 c1198 c728 c1034 c252 c993 c20 c438 c434 c238 c415 c157 c1241 c761 c168 c214 c676 c1498
VideoUltrav2
c800 c821 c875 c122 c1437 c911 c1358 c298 c212 c232 c947 c660 c430 c861 c1434 c138 c198 c1061 c1278 c1452 c1118 c538 c504 c683 c160 c653 c1214 c652 c1432 c882 c1258 c790 c756 c452 c976 c1494 c1120 c842 c1220 c1350 c1082 c1044 c1174 c889 c340 c788 c288 c1469 c755 c758 c610 c1102
AndroidTVMaxv4
c812 c507 c695 c1303 c840 c1031 c1022 c225 c1256 c26 c374 c1136 c619 c1400 c1197 c648 c23 c1242 c1373 c540 c724 c1023 c1423 c226 c71 c1156 c1402 c432 c561 c120 c1130 c662 c471 c951 c987 c1418 c1284 c1249 c355 c996 c1224 c1152 c1385 c973 c1487 c2 c1398 c868 c883 c6 c1321 c1176 c413 c1367 c1272 c1000 c1219 c915 c1207
WearOSMaxv1
c326 c571 c241 c240 c485 c417 c82 c1336 c506 c579 c1438 c154 c650 c1488 c794 c801 c1423 c1086 c343 c92 c1156 c306 c831 c5 c1291 c905 c1233 c131 c1077 c8 c608 c974 c120 c322 c1451 c225 c97 c837 c1275 c1348 c472 c172 c1161 c50 c909 c765 c294 c537 c702 c1285 c1197 c568 c347 c643 c136 c169 c538 c1003
SitesProv2
c1425 c798 c489 c717 c1060 c453 c791 c616 c367 c1190 c227 c68 c1362 c1036 c557 c459 c992 c930 c714 c1426 c1016 c1465 c195 c272 c855 c400 c80 c1353 c585 c1436 c1370
ShoppingProv1
c260 c1207 c1419 c1454 c716 c793 c179 c1340 c1434 c918 c470 c904 c1129 c603 c1439 c1373 c180 c1210 c132 c1289 c1211 c1090 c1225 c1 c1417 c743 c625 c461 c526 c173 c835 c42 c1464 c1245 c595 c856 c130 c908 c897 c1122 c979 c622 c925 c52 c164 c1150 c677 c750 c416 c686 c208 c1421
StreamXv2
c1287 c1215 c1334 c463 c826 c264 c234 c982 c1047 c1422 c1383 c689 c549 c617 c512 c770 c734 c1404 c919 c1127 c1248 c1252 c681 c310 c784 c275 c929 c670 c140 c665 c1381 c251 c594 c1255 c1265 c659 c124 c1496 c407 c955 c977 c408 c749 c626 c1406 c12 c760 c332 c368 c1124 c769 c1247 c1470 c1397 c9 c1475 c1407 c377 c1259
DaydreamZv6
c1209 c1391 c884 c149 c55 c534 c495 c1479 c885 c988 c631 c127 c879 c699 c604 c550 c598 c846 c337 c590 c1468 c284 c193 c39 c384 c701 c58 c1045 c1029 c1052 c621 c777 c382 c133 c293 c1467 c329 c1337 c847 c395 c983 c703 c1478 c1132 c1221 c1015 c84 c356 c895 c1157 c369 c1372 c782 c139 c1304 c927 c744
FinanceProv4
c1323 c313 c586 c1169 c96 c1448 c694 c1158 c1085 c1228 c307 c808 c1155 c566 c570 c731 c763 c1212 c792 c1499 c421 c858
StreamZv6
c832 c473 c1080 c43 c584 c1006 c1271 c217 c1033 c601 c605 c176 c680 c255 c1413 c1065 c1096 c330 c844 c229 c795 c331 c328 c111 c279 c1018 c1098 c386 c882 c1078 c502 c740 c675 c949 c350 c361 c334 c738 c762 c455 c1172 c645 c31 c692 c822 c1240 c1109 c185 c211 c410 c880 c1171 c295 c1216
DrawingsLitev8
c480 c439 c1294 c230 c959 c1257 c838 c624 c672 c1005 c158 c715 c923 c695 c1471 c327 c425 c464 c14 c1069 c1055 c1366 c1418 c817 c315 c1177 c1489 c37 c799 c1394 c939 c413 c1028 c1310 c101 c1256 c11 c560 c469 c468 c1009 c781 c414 c1264 c1282 c812 c1316 c922 c110 c354 c632 c6 c514 c348
ChromecastNextv4
c1143 c1182 c1056 c435 c803 c991 c724 c1042 c1016 c1473 c620 c362 c962 c1130 c544 c75 c553 c147 c23 c1491 c963 c1490 c834 c391 c451 c1415 c372 c1461 c51 c1168 c400 c1385 c984 c1163 c871 c95 c47 c56 c116 c88 c1193 c1232 c105 c1000 c759 c19 c990 c78 c1188 c1083 c66 c308 c509 c1108 c861 c1123 c1173 c1362 c145
TranslateNextv9
c966 c853 c824 c1459 c1341 c581 c1338 c1231 c863 c1035 c1462 c162 c445 c427 c900 c1333 c729 c342 c1441 c518 c1026 c239 c1286 c1081 c1117 c854 c1070 c1079 c273
PatentsLitev7
c663 c1175 c841 c1097 c339 c1234 c159 c614 c374 c530 c282 c151 c1363 c1272 c975 c134 c507 c33 c161 c1325 c924 c422 c932 c196 c1144 c292 c1303 c1057 c405 c865 c271 c829 c1071 c1100 c540 c746 c450 c1116 c303 c26 c16 c142 c1094 c319 c915 c698 c278 c1283
FuchsiaLitev1
c1041 c363 c751 c1191 c640 c1064 c1401 c398 c83 c878 c148 c1440 c1189 c575 c910 c1061 c388 c1376 c1113 c401 c150 c1181 c91 c1352 c1126 c1007 c786 c1480 c444 c18 c1202 c1037 c567 c41 c652 c1389 c655 c501 c454
ConnectNextv4
c671 c248 c697 c696 c364 c109 c1140 c599 c1049 c588 c1355 c1379 c521 c1091 c736 c192 c1204 c499 c1217 c635 c311 c53 c77 c657 c583 c29 c774 c318 c365 c978 c262 c752 c901 c59 c1138 c994 c335 c1019 c554 c1013
SkyUltrav9
c1357 c312 c687 c763 c1021 c592 c1011 c1201 c578 c1328 c383 c914 c920 c396 c898 c630 c600 c237 c589 c87 c1103 c857
DaydreamSv6
c357 c232 c259 c7 c682 c441 c93 c1411 c1345 c1112 c1408 c64 c771 c404 c13 c517 c304 c27 c1266 c491 c34 c138 c198 c556 c1141 c1392 c931 c205 c693 c704 c156 c184 c181 c525 c1184 c191 c411 c1335 c954 c1322 c633 c1403 c1298 c1186 c1076 c627 c705 c79 c881
SlidesXv7
c174 c1305 c1218 c930 c1137 c498 c285 c863 c123 c891 c399 c648 c867 c1035 c1318 c761 c167 c802 c935 c667 c685 c427 c581 c1251 c1380 c742 c317 c1476 c513 c71 c221 c967 c351 c1125 c709 c756 c951 c1206 c849 c717 c1441 c1205 c877 c135 c899 c524 c1338 c591 c108 c1164 c1151 c305 c1187 c911
TravelUltrav7
c1073 c428 c801 c1159 c1340 c697 c347 c622 c146 c132 c831 c603 c1013 c133 c641 c329 c1280 c814 c1017 c39 c1129 c120 c499 c266 c1454 c1472 c1122 c908 c248 c55 c1081 c1478 c936 c130 c765 c555 c631 c833 c1075 c356 c136 c1003 c131 c1304 c1450 c306 c847 c53 c905 c482 c579 c917 c214 c1488 c744 c224 c1417
GroupsProv2
c488 c355 c1219 c973 c725 c647 c1237 c1400 c536 c639 c86 c733 c152 c779 c986 c870 c656 c700 c1484 c928 c679 c1444 c577 c1469 c613 c1290 c206 c1072 c320 c1196 c1227 c453 c892 c561 c166 c233 c1139 c783 c1192 c602 c106 c745 c875 c1008 c1288 c1326 c669 c207 c1074 c202
ImagesNextv7
c80 c61 c894 c558 c821 c1452 c392 c1039 c764 c1443 c941 c1153 c103 c216 c446 c203 c338 c815 c1146 c968 c1344 c1359 c623 c747 c1148 c1387 c1374 c1014 c873 c607 c653 c921 c74 c987 c887 c493 c1226 c1377 c445 c1092 c1229 c504 c204 c1493 c1223 c254 c1114 c1371 c390 c853 c426 c1360 c1169 c785 c758 c222 c960
AndroidSv7
c352 c773 c385 c340 c1267 c723 c1349 c360 c1346 c1301 c209 c593 c767 c1382 c940 c965 c475 c1155 c1208 c757 c474 c876 c201 c1492 c1119
WearOSMaxv2
c676 c712 c1336 c662 c57 c213 c796 c658 c854 c162 c137 c115 c824 c45 c1296 c818 c241 c1221 c789 c335 c1077 c1135 c993 c1446 c417 c1233 c1054 c342 c1341 c1356 c1323 c1391 c702 c443 c369 c1147 c144 c1161 c245 c1197 c643 c397 c424 c1132 c650 c472 c437 c598 c1262 c840 c155 c92 c621 c1093 c247 c395 c1297 c701
DatasetSearchUltrav4
c933 c1368 c1314 c268 c486 c1384 c868 c688 c186 c22 c976 c85 c772 c1246 c1395 c321 c1292 c28 c1410 c532 c1329 c649 c1120 c406 c129 c423 c642 c1084 c1107 c638 c907 c869 c107 c90 c780 c842 c187 c1351 c0
BloggerNextv6
c1293 c572 c1424 c678 c436 c810 c843 c223 c189 c182 c805 c957 c1495 c244 c958 c559 c505 c479 c893 c666 c1152 c1142 c1405 c219 c118 c673 c533 c511 c996 c548 c1254
TranslateSv8
c1253 c1320 c165 c683 c737 c582 c370 c1487 c1425 c227 c387 c153 c1026 c1095 c961 c947 c412 c190 c628 c121 c489 c274 c1390 c239 c519 c852 c1277 c76 c263 c1273 c913 c1369 c1165 c381 c270 c104 c283 c258 c1324 c619
DaydreamProv6
c1079 c1236 c1140 c978 c65 c1244 c787 c72 c442 c433 c1070 c284 c989 c1217 c1467 c109 c661 c1343 c713 c1089 c604 c1313 c766 c378 c289 c564 c70 c1468 c293 c885 c246 c550 c452 c1062 c565 c267 c1249 c1154 c1040 c1052 c985 c1243 c901 c1263 c635 c1299 c782 c1378 c671 c149 c664 c590 c500 c58 c38 c546 c36 c1428
BooksUltrav6
c209 c829 c1404 c1247 c1041 c50 c587 c374 c398 c16 c1116 c1259 c454 c5 c1086 c0 c1292 c33 c588 c179 c1189 c625 c888 c540 c139 c1157 c856 c1156 c1291 c868 c481 c1421 c1076 c225 c1314 c686 c1162 c1363 c511 c633 c1234 c736 c841 c999 c954 c878 c614 c865 c164 c1381 c1368 c1383 c1084 c275 c1191 c594
BloggerLitev6
c100 c1012 c845 c883 c1388 c333 c797 c497 c889 c727 c1431 c1066 c117 c1002 c1239 c1284 c541 c1053 c722 c194 c1445 c141 c376 c1004 c243 c466
SitesMaxv7
c128 c816 c615 c460 c729 c325 c574 c557 c529 c269 c634 c711 c353 c1499 c183 c1131 c63 c448 c220 c1494 c471 c1203 c539 c1402 c518 c1302 c945 c431 c272 c755 c32 c1224 c719 c916 c1230 c2 c646 c226 c1136 c508 c300 c1058 c859 c1286 c367 c290 c1393 c1307 c68 c1020 c545 c906 c492 c242 c768 c371
SlidesMaxv6
c458 c1160 c52 c750 c260 c1342 c543 c953 c67 c904 c1133 c326 c430 c1185 c1458 c4 c1043 c1276 c1019 c1211 c364 c1479 c618 c571 c1180 c1439 c578 c723 c804 c470 c1208 c483 c250 c554 c461 c3 c1067 c208 c1104 c994 c1285 c1207 c231 c630 c1485 c1209 c763 c1275 c1270 c89 c495 c1346 c1373 c365 c432 c798 c920 c927
SantaTrackerLitev5
c1315 c552 c777 c1050 c1398 c169 c337 c879 c699 c1382 c294 c527 c197 c706 c240 c983 c1059 c157 c895 c175 c965 c1183 c1372 c1001 c1267 c485 c352 c1462 c1281 c754 c748 c385 c608 c30 c1348 c154 c1423 c301 c707 c389 c806 c257 c366 c409 c703
WebserverZv3
c933 c187 c9 c418 c728 c883 c475 c925 c988 c837 c325 c1213 c1138 c1411 c304 c269 c128 c333 c1266 c982 c323 c1345 c107 c1402 c568 c28 c371 c1419 c112 c760 c727 c346 c1029 c784 c770 c460 c436 c94 c300 c1011 c368 c757 c1317 c595 c626
ReleaseUltrav2
c253 c345 c659 c261 c1225 c234 c100 c575 c996 c1495 c129 c977 c636 c173 c1357 c1265 c1407 c1337 c310 c322 c200 c780 c646 c893 c318
AndroidUltrav5
c1103 c516 c1470 c1202 c98 c1195 c1492 c655 c914 c931 c1058 c794 c1107 c549 c1325 c242 c768 c26 c924 c423 c975 c846 c926 c159 c1 c1456 c196 c29 c1215 c411
CodeNextv2
c1112 c600 c503 c434 c1408 c940 c1214 c1278 c827 c1451 c1032 c1241 c811 c1242 c1110 c27 c843 c1119 c477 c858 c966 c462 c171 c937
YouTubeZv3
c427 c428 c550 c1000 c738 c951 c1418 c229 c1207 c826 c483 c132 c133 c52 c260 c595 c979 c1100 c475 c852 c488 c891 c770 c1232 c579 c1171 c879 c974 c858
KeepNextv5
c281 c177 c416 c1118 c358 c1021 c881 c25 c1335 c249 c1355 c897 c228 c1319 c441 c1199 c296 c184 c1066 c194 c541 c376 c1049 c447 c1142 c556 c969 c807 c1322 c449 c1447 c874 c526
ImagesSv1
c285 c784 c418 c983 c39 c351 c675 c1480 c416 c1398 c1130 c387 c1265 c581 c228 c847 c433 c1271 c1119 c1056 c524 c1419 c364 c659 c909 c47 c966 c1029 c1159 c1305 c9 c1125 c445 c1035 c1479 c591 c1123
SheetsZv6
c32 c1018 c455 c1115 c1006 c703 c1354 c268 c1272 c656 c1422 c176 c1281 c1302 c1352 c1096 c570 c669 c217 c797 c779 c538 c698 c533 c18 c822 c332 c1175 c1288 c928 c278 c264 c706 c1141 c54
PatentsXv6
c1225 c1251 c1443 c1266 c502 c1440 c242 c1374 c1193 c211 c803 c140 c1285 c1441 c495 c1090 c1073 c1187 c911 c204 c1335 c1092 c222 c269 c72 c343 c196 c120
