66
DaydreamMaxv4
ThomasQ
AssistantMaxv9
MichalA
MarsUltrav4
PhilippY SergeyA PetarG BenjaminY TatiyanaT StepanL NellyO MichalQ PhilippE LarryG BakhodirJ MichalF SusanC BakhodirB PetarA PrabhakarV RuthP
CalendarLitev5
BenjaminS StepanH PrabhakarB NellyK
MapsNextv5
SusanS FionaZ
ChartsMaxv5
NellyA FionaJ MichalY SusanK FionaT
ScholarXv6
SundarD StefanK PrabhakarC BakhodirR RuthB SundarA RuthF JenL MatasK BakhodirG TatiyanaR TatiyanaP
KeepNextv4
PrabhakarN
SearchUltrav8
SergeyG PhilippI MichalS
CollectionsUltrav9
HiroshiZ BenjaminO
TravelUltrav3
PetarR JenE
StreetViewXv9
PrzemekQ StefanX MaxH ThomasU NellyI
FormsUltrav3
ThomasL MatasF HiroshiI PetarD PrabhakarU PetarN TatiyanaA StepanO
DataNextv9
ClementO PrabhakarN ThomasW JenE LarryL FionaZ JenF StepanK PrzemekH BenjaminR SusanN TatiyanaI NellyU SergeyA PrzemekW HiroshiD PetarV BenjaminY SergeyQ SergeyK LarryD TatiyanaX StefanM TatiyanaW ThomasI
DatasetSearchLitev6
PrzemekP MaxA BenjaminJ ClementJ StepanL SundarI PhilippK PetarN HiroshiM
SkyProv4
BakhodirC ThomasQ
FuchsiaProv7
BenjaminH SusanV BakhodirQ
StorageSv6
SundarM PrabhakarI StefanA PhilippQ BakhodirO RuthB StefanM JenM MichalO FionaJ PrzemekI HiroshiW PetarI FionaH JenE MaxK LarryW TatiyanaI FionaT SergeyK MichalW
CurrentsXv1
StepanV
CastOSSv6
SusanH HiroshiI HiroshiT
PatentsMaxv2
MaxV MichalB MatasR MatasZ HiroshiH RuthJ BenjaminX PrzemekT BenjaminK LarryC
StreetViewMaxv8
PetarA
FinanceMaxv7
MaxY StepanU HiroshiL ThomasT SusanT
ChatLitev6
NellyV MaxM NellyD ClementI ThomasO StefanH BenjaminK PrabhakarB PetarJ PhilippS StepanK LarryC
ReleaseLitev7
RuthT SergeyW FionaV MaxO
MoonXv3
SergeyY PetarM
DreamNextv6
PrzemekC NellyO StefanA PrzemekP PhilippN
NewsMaxv1
TatiyanaT
NewsXv5
SundarV PrzemekH
ScholarSv9
StefanO PrabhakarV BakhodirM PrabhakarN PhilippA SergeyJ StefanU PrzemekU BenjaminS SusanK FionaZ
SkyZv5
SundarM
ClassroomXv9
LarryG StepanK
ConnectXv3
StefanG
ChromeLitev4
LarryU MichalY PrabhakarA
CurrentsProv2
StepanJ
KeepXv1
PrabhakarA
CodeZv4
RuthY LarryM
DuoMaxv1
BenjaminL PetarJ MaxF BenjaminG TatiyanaT LarryD BakhodirJ NellyD PhilippN PrabhakarN
TravelProv6
PhilippJ
AndroidTVLitev7
RuthW MichalD JenE ThomasI MatasH NellyM BakhodirM LarryL StefanA
GroupsZv8
BakhodirL PetarI StepanL MichalV BenjaminK
LearnProv8
MichalO
SheetsZv4
FionaS SergeyR
BuildProv1
PrabhakarI
StreetViewXv2
StepanJ PrzemekF HiroshiS
AssistantNextv5
PrabhakarE StefanW PrzemekC PhilippA PetarN BakhodirR RuthL MichalQ StepanW PhilippJ PetarA StefanM HiroshiB FionaT PrzemekG BakhodirL SundarM BenjaminY SergeyH
ClassroomProv5
RuthE PrzemekG TatiyanaB MichalA SergeyG StefanQ SundarM BakhodirC RuthO RuthP StefanM StepanK StefanN RuthT StepanH
ClassroomSv2
RuthX
DataSv9
PrzemekI HiroshiC TatiyanaX MaxA PrabhakarA SundarX JenP MichalI BakhodirD FionaB
MoonUltrav4
MaxY
CurrentsProv7
SusanT
CollectionsProv5
JenJ SundarD PetarZ
AndroidAutoZv1
PetarV MichalS
DocsUltrav2
BakhodirB NellyM BakhodirQ NellyW LarryL PrabhakarM PrabhakarO JenL
BloggerProv2
StefanO FionaV SundarM
FinanceXv5
BakhodirJ
PixelProv1
MatasF
StorageNextv9
BenjaminD NellyV PhilippK SergeyY PetarV MaxI PetarU StepanW StepanK BenjaminT BenjaminY
FeedBurnerLitev8
StefanN BenjaminL PrabhakarE
ScholarZv1
RuthY MichalQ PrzemekP LarryU
TravelZv6
ThomasL PetarA LarryI NellyI LarryE PrzemekF
ConnectLitev9
SundarM
LoggingXv4
SergeyJ StepanV MaxK
VoiceZv6
HiroshiQ SundarJ
SlidesProv5
SergeyQ SusanN
DatasetSearchXv2
MaxZ PetarE StefanK StefanA SundarX SusanD
