69
SlidesNextv2
JenZ PhilippH
WearOSLitev5
NellyY BakhodirD TatiyanaC JenK PhilippI
DuoZv2
PhilippY SundarP FionaF
StreetViewXv1
TatiyanaC JenK FionaF
GameProv6
LarryO SusanQ StefanQ
GlassOSSv3
MatasW JenZ
StreamXv9
LarryO
MarsUltrav8
PhilippI SergeyU SusanQ PhilippP StefanQ BenjaminT RuthX BakhodirG MatasW
StreetViewNextv3
SusanQ PhilippH JenZ
SmartSv2
FionaF BakhodirW PhilippK BenjaminT FionaN
ShoppingProv8
FionaN PhilippI
FuchsiaLitev6
PhilippY BenjaminT ThomasK ClementT BakhodirW PhilippI SergeyV
StreamXv6
BenjaminO MatasC SergeyN ClementM FionaJ
DaydreamLitev7
BenjaminO
FeedBurnerMaxv3
TatiyanaC LarryO
CollectionsNextv1
TatiyanaC SergeyN MatasW JenG
ResearchXv8
SundarP ClementM SundarH MatasC ClementE
SitesSv1
SergeyU ClementL
ChromeNextv7
JenG BakhodirD PhilippY
ExploreUltrav8
BakhodirD ClementM JenG HiroshiF ClementT SusanQ ClementE
BloggerNextv8
PhilippP ClementE MatasW SundarL
MarsLitev5
BakhodirD TatiyanaC
GmailLitev9
PhilippP BakhodirG ThomasK StefanQ PetarF MatasW LarryX HiroshiF JenG SergeyN
MapsSv7
SundarA PhilippK FionaF LarryO ClementM ThomasK MatasW LarryX ClementE BakhodirD
StreetViewProv9
SundarA MatasC ClementE MatasW HiroshiB PhilippK NellyY LarryO
GameProv3
PhilippY
GmailSv4
PetarF NellyY
ConnectLitev9
SundarA
AndroidAutoZv2
PhilippH HiroshiB PhilippI LarryX SergeyU
AndroidTVNextv1
MatasC NellyX SergeyV LarryO PhilippP ThomasM SergeyU JenG
CultureProv7
MatasW TatiyanaC PhilippY SergeyU ClementT ThomasM BenjaminO ClementE
DataZv2
SusanQ ThomasM ClementM FionaF StefanQ PhilippH JenG SergeyT
CastOSNextv8
LarryO LarryX ClementM JenG ThomasM BenjaminO NellyY TatiyanaC
SkyLitev6
TatiyanaC ThomasM PhilippI
WebserverProv6
PhilippP
GameLitev8
PhilippP PhilippK MatasW SergeyN
ClassroomMaxv2
TatiyanaC SusanQ
MarsXv1
PrabhakarR FionaJ MichalB MatasH
FuchsiaXv6
SundarL SundarA
CastOSProv6
LarryX
DocsNextv2
SundarP JenK ClementL
PhoneUltrav1
BenjaminO LarryO ThomasM BakhodirW StefanQ
DreamSv2
SusanQ PhilippP JenG LarryO PhilippI MatasW
MapsProv8
HiroshiW SergeyT LarryX
WearOSProv2
FionaN NellyY SergeyV PhilippY ClementT ThomasM MatasW PhilippH StefanQ
CollectionsZv7
HiroshiW SundarL BakhodirD PhilippI SundarA SergeyN ClementT
MapsUltrav3
TatiyanaC HiroshiW PhilippP
PhotoProv3
SergeyT HiroshiF BakhodirD SusanQ MichalP SergeyV SergeyU
KeepXv5
PhilippP HiroshiF MichalP
AlertsLitev7
SergeyN HiroshiF SergeyT BenjaminT
AssistantUltrav2
MatasC SergeyU StefanQ MichalP BenjaminO PhilippP
VoiceProv8
MatasW ClementE MatasC ClementM TatiyanaC
MoonMaxv4
MichalP HiroshiW FionaF SundarA BenjaminO ThomasM StefanQ ThomasK HiroshiF BakhodirD
StadiaZv1
TatiyanaC ClementM BenjaminT PhilippP
ShortsNextv7
FionaF PhilippY HiroshiF
GlassOSLitev9
ClementT BakhodirG SundarA PhilippK HiroshiF PhilippH
DuoZv4
ThomasK SundarP LarryX ClementT PhilippK RuthX ThomasM
AndroidTVMaxv5
HiroshiF SundarP PhilippK
CastOSXv6
LarryO SundarP JenG BakhodirG StefanQ ClementL SundarA
ChromeOSUltrav5
HiroshiB PhilippH SergeyU HiroshiW PhilippK ClementL
SmartLitev9
JenZ ThomasK PhilippP
ChatSv4
TatiyanaC BakhodirG PhilippP JenZ
ReleaseUltrav1
ClementT BakhodirD
SitesUltrav5
SergeyU PhilippI MatasW TatiyanaC LarryX StefanQ PhilippY SundarP
ChromeOSLitev3
PhilippP HiroshiW PhilippY
SearchNextv1
SergeyV ThomasM MichalB SundarP ThomasK
FeedBurnerMaxv1
MichalB ThomasK ClementL HiroshiF
BuildMaxv1
MichalB RuthX NellyY BakhodirG SergeyV
StadiaZv2
BakhodirG JenZ MichalP FionaF ThomasK MatasH
