80
DaydreamMaxv4
ThomasQ
AssistantMaxv9
MichalA
ClassroomSv2
RuthX
MarsUltrav4
PhilippY SergeyA TatiyanaT BenjaminY PetarG StepanL NellyO MichalQ PhilippE LarryG BakhodirJ MichalF SusanC BakhodirB PetarA PrabhakarV RuthP
CodeZv4
RuthY BenjaminR
ReleaseLitev7
RuthT SergeyW FionaV MaxO
MoonUltrav4
LarryN
FinanceXv5
BakhodirJ
CalendarLitev5
BenjaminS StepanH PrabhakarB NellyK
FuchsiaProv7
BenjaminJ SusanV BakhodirQ
MapsNextv5
SusanS FionaZ
ConnectXv3
StefanG
SantaTrackerProv9
PrzemekV
KeepNextv4
PrabhakarN
ChartsMaxv5
NellyA FionaJ MichalY SusanK FionaT
ScholarXv6
SundarD StefanK PrabhakarC BakhodirR RuthB SundarA RuthF JenL MatasK BakhodirG TatiyanaR TatiyanaP
SearchUltrav8
SergeyG PhilippI MichalS
FormsUltrav3
ThomasL MatasF HiroshiI PetarD PrabhakarU PetarN TatiyanaA StepanO
DatasetSearchLitev6
PrzemekP MaxA BenjaminJ ClementJ StepanL SundarI PhilippK PetarN HiroshiM
StorageSv6
SundarM PrabhakarI StefanA PhilippQ BakhodirO RuthB StefanM JenM MichalO ClementG PrzemekI HiroshiW PetarI FionaH JenE MaxK LarryW TatiyanaI PetarO SergeyK MichalW
AndroidTVMaxv1
LarryC NellyY MaxA JenE SergeyV SergeyW TatiyanaD FionaL SusanD BenjaminK PhilippV BenjaminG ThomasE PhilippT StefanM SergeyU
CollectionsUltrav9
HiroshiZ BenjaminO
StreetViewXv9
PrzemekQ StefanX MaxH ThomasU NellyI
DataNextv9
ClementO PrabhakarN HiroshiI JenE LarryL FionaZ JenF StepanK PrzemekH BenjaminR SusanN TatiyanaI PetarD SergeyA MaxK HiroshiD PetarV BenjaminY SergeyQ SergeyK LarryD TatiyanaX StefanM TatiyanaW ThomasI
SkyProv4
BakhodirC ThomasQ
SearchMaxv5
StefanH StefanW NellyI PetarE BakhodirR PhilippV PrabhakarN MaxW NellyA ClementX BakhodirJ ThomasA MichalY SergeyQ
PatentsMaxv2
MaxV NellyU MatasR MatasZ StepanH SergeyV BenjaminX BakhodirG BenjaminK LarryC
StreetViewMaxv8
PetarA
CurrentsXv1
StepanV
ChromeLitev4
LarryU MichalY PrabhakarA
CastOSSv6
SusanH ThomasW HiroshiT
FinanceMaxv7
MaxY StepanU HiroshiL ThomasT SusanT
ChatLitev6
NellyV SergeyU NellyD ClementI ThomasO StefanH BenjaminK PrabhakarB PetarJ PhilippS StepanK LarryC
DreamNextv6
PrzemekC NellyO StefanA PrzemekP PhilippN
MoonXv3
SergeyY PetarM
SkyLitev8
MatasK BenjaminD RuthO SusanT HiroshiD BakhodirR PhilippT ThomasZ BakhodirC PrzemekU PetarV MaxH FionaA JenU HiroshiT MatasR StefanH BakhodirS PrzemekC BenjaminB TatiyanaT PrzemekG TatiyanaH
NewsMaxv1
TatiyanaT
StadiaProv5
RuthI MaxA FionaA
NewsNextv1
JenM FionaL JenK PrzemekP JenL MatasK TatiyanaB StefanZ MatasZ SergeyY BenjaminG MaxB StepanC PetarF StefanM HiroshiZ ThomasQ BenjaminY MaxH PhilippV ClementI MaxS ClementX StefanQ
NewsXv5
SundarV PrzemekH
ScholarSv9
StefanO PrabhakarV BakhodirM PrabhakarN PhilippA SergeyJ StefanU StefanC BenjaminS SusanK FionaZ
DocsUltrav4
PhilippV
SkyZv5
SundarM
ClassroomXv9
LarryG StepanK
KeepXv1
PrabhakarA
CurrentsProv2
StepanJ
DuoMaxv1
BenjaminL PetarJ MaxF MichalP PetarG LarryD BakhodirJ NellyD PhilippN PrabhakarN
TravelUltrav3
PetarR JenE
TravelProv6
PhilippJ
LearnProv8
MichalO
CurrentsProv7
SusanT
SheetsZv4
FionaS SergeyR
ClassroomProv5
RuthE PrzemekG TatiyanaB MichalA SergeyG StefanQ SundarM BakhodirC RuthO RuthP StefanM StepanK StefanN RuthT StepanH
StreetViewXv2
RuthW PrzemekF HiroshiS
BuildProv1
PrabhakarI
AssistantNextv5
PrabhakarE StefanW PrzemekC PhilippA PetarN BakhodirR RuthL MichalQ StepanW PhilippJ PetarA StefanM HiroshiB FionaT PrzemekG BakhodirL SundarM BenjaminY SergeyH
DataSv9
PrzemekI HiroshiC TatiyanaX MaxA PrabhakarA SundarX JenP MichalI BakhodirD FionaB
DocsUltrav2
BakhodirB NellyM BakhodirQ NellyW TatiyanaY PrabhakarM PrabhakarO HiroshiK
BloggerProv2
StefanO FionaV SundarM
CollectionsProv5
JenJ SundarD PetarZ
AndroidAutoZv1
PetarV MichalS
SlidesSv9
StepanC MichalD SusanN
DatasetSearchXv2
MaxZ PrzemekM StefanK StefanA HiroshiX SusanD
AndroidTVLitev7
RuthW SergeyT JenE ThomasI MatasH NellyM BakhodirM LarryL StefanA
LoggingXv4
SergeyJ StepanV MaxK
PixelProv1
MatasF
FeedBurnerLitev8
StefanN BenjaminL PrabhakarE
StorageNextv9
BenjaminD NellyV PhilippK SergeyY PetarV MaxI PetarU StepanW StepanK BenjaminT BenjaminY
AndroidTVMaxv3
HiroshiJ StefanM MatasR StefanV PhilippN MaxK FionaV BakhodirO StefanP HiroshiT BakhodirQ SergeyW HiroshiM FionaA SundarI ThomasO RuthE SergeyV
BloggerProv9
BenjaminK
ScholarZv1
RuthY MichalQ PrzemekP LarryU
GroupsZv8
BakhodirL PetarI StepanL MichalV BenjaminK
TravelZv6
ThomasL PetarA LarryI NellyI LarryE PrzemekF
ConnectLitev9
SundarM
BuildUltrav6
PhilippK BenjaminT BakhodirG SundarV
VoiceZv6
HiroshiQ SundarJ
DrawingsMaxv4
BenjaminH PrzemekY PetarD PrabhakarA ThomasI FionaQ MatasH SusanU JenE PhilippY ThomasK PhilippT MaxH PrzemekP RuthQ MaxA LarryD StefanA NellyH MichalX BakhodirJ
PatentsNextv4
ClementX MichalI
SitesSv3
PetarH BenjaminX PrzemekN MaxB HiroshiT StefanW FionaH LarryT RuthM HiroshiZ StefanV StepanL ThomasU MichalQ SusanY BenjaminT SergeyJ StefanM StefanO RuthW BakhodirU
SlidesProv5
SergeyQ SusanN
