45
SlidesNextv2
JenZ PhilippH
StreamXv9
LarryO
ShoppingProv8
FionaN PhilippI
WearOSLitev5
NellyY BakhodirD TatiyanaC JenK PhilippI
StreetViewProv9
SundarA MatasC ClementE MatasW HiroshiB PhilippK NellyY LarryO
AndroidAutoZv2
PhilippH JenK PhilippI LarryX SergeyU
ResearchXv8
SundarP ClementM BenjaminO MatasC ClementE
SitesSv1
SergeyU ClementL
GameProv3
PhilippY
ConnectLitev9
SundarA
ChromeNextv7
JenG BakhodirD PhilippY
StreetViewXv1
TatiyanaC JenK FionaF
ExploreUltrav8
BakhodirD ClementM JenG HiroshiF ClementT SusanQ ClementE
DaydreamLitev7
BenjaminO
FeedBurnerMaxv3
TatiyanaC LarryO
MarsXv1
PrabhakarR FionaJ MichalB MatasH
ShortsNextv7
FionaF PhilippY HiroshiF
DocsNextv2
SundarP JenK ClementL
MarsUltrav8
PhilippI SergeyU SusanQ PhilippP StefanQ BenjaminT RuthX BakhodirG MatasW
DuoZv4
ThomasK SundarP LarryX ClementT PhilippK RuthX ThomasM
SmartLitev9
JenZ ThomasK PhilippP
DreamSv2
SusanQ PhilippP SergeyN LarryO PhilippI MatasW
MarsLitev5
BakhodirD TatiyanaC
BuildMaxv1
MichalB RuthX NellyY BakhodirG SergeyV
StreamXv6
BenjaminO HiroshiB SergeyN ClementM ClementT
ChromeOSUltrav5
JenK PhilippH SergeyU HiroshiW PhilippK ClementL
SmartSv2
FionaF BakhodirW PhilippK BenjaminT FionaN
ChromeOSLitev3
PhilippP HiroshiW PhilippY
MapsProv8
HiroshiW SergeyT LarryX
WebserverProv6
PhilippP
DuoZv2
PhilippY SundarP FionaF
CollectionsNextv1
TatiyanaC SergeyN MatasW JenG
SitesUltrav5
SergeyU PhilippI MatasW TatiyanaC LarryX SergeyT PhilippY SundarP
VoiceProv8
MatasW ClementE MatasC ClementM TatiyanaC
MapsSv7
SundarA PhilippK FionaF LarryO ClementM ThomasK MatasW LarryX ClementE BakhodirD
GlassOSLitev9
ClementT BakhodirG SundarA PhilippK HiroshiF PhilippH
GameLitev8
PhilippP PhilippK MatasW SergeyN
ReleaseUltrav1
ClementT BakhodirD
ClassroomMaxv2
TatiyanaC SusanQ
CastOSProv6
LarryX
AndroidTVMaxv5
HiroshiF SundarP PhilippK
GmailLitev9
PhilippP BakhodirG ThomasK StefanQ PetarF MatasW LarryX HiroshiF JenG SergeyN
FuchsiaXv6
SundarL SundarA
GameProv6
LarryO SusanQ SergeyT
GlassOSSv3
MatasW JenZ
