74
FormsNextv5
c1033 c762 c957 c893 c223 c1411 c41 c510 c1186 c1326 c1489 c697 c1481 c1283 c357 c151 c264 c564 c799 c602 c439 c730 c476 c819 c1401 c422 c48 c539 c1418 c681 c950 c740 c1140 c410 c902 c99 c949 c184 c952 c1018 c1116 c398 c207 c36 c649 c326 c295 c495 c1019 c634 c50 c751 c454 c278 c183
ChromecastZv5
c692 c1015 c1392 c1255 c379 c364 c885 c549 c1325 c270 c66 c1252 c782 c311 c329 c413 c520 c527 c1472 c1210 c191 c1224 c1052 c1417 c919 c1179 c205 c1165 c698 c486 c816 c408 c655 c1257 c320 c514 c1403 c330 c662 c841 c530
SkyXv9
c1284 c699 c591 c1157 c70 c133 c715 c1461 c480 c58 c540 c846 c942 c878 c130 c1136 c1467 c6 c579 c1046 c831 c388 c1050 c1208 c781 c1366 c1031 c1468 c1127 c550 c1367 c890 c1256 c665 c1163 c292 c384 c86 c176 c1211 c1264 c1303 c1113 c335 c567 c465 c784 c446 c1492 c973
DatasetSearchZv7
c939 c1272 c1069 c55 c1094 c817 c291 c306 c779 c356 c857 c32 c648 c110 c565 c1172 c1191 c1156 c1266 c682 c680 c1022 c1355 c915 c444 c554 c1055 c111 c186 c978 c671 c59 c1143 c703 c1130 c605 c29 c1109 c986 c1304 c700 c35 c423 c432 c932 c525 c881 c879
ChromeLitev7
c1086 c323 c140 c847 c1385 c53 c624 c1138 c794 c219 c623 c378 c64 c78 c678 c101 c1365 c604 c1078 c3 c1371 c1478 c1077 c265 c1073 c1192 c825 c1005 c327 c1406 c837 c829 c883 c132 c224 c90 c26 c617 c1394 c1029 c425 c1103 c766 c1368 c828 c812 c964 c87 c507 c1265 c1236 c577 c472 c159 c450
LoggingProv9
c134 c289 c1324 c1422 c1159 c548 c57 c1431 c1414 c764 c658 c276 c1487 c1271 c1037 c1383 c405 c1249 c633 c1023 c204 c803 c1488 c304 c374 c959 c255 c1129 c1092 c196 c13 c1207 c656 c28 c1072 c167 c1398 c590 c595 c1161 c640 c922 c137 c348 c85 c1065
PatentsProv3
c225 c271 c1377 c632 c724 c1301 c491 c1490 c773 c457 c1450 c533 c14 c553 c1171 c365 c1067 c485 c1100 c500 c1471 c315 c1216 c897 c1400 c1108 c701 c814 c171 c417 c849 c487 c736 c488 c1234 c1089 c267 c37
YouTubeXv1
c67 c231 c279 c33 c908 c1274 c414 c975 c437 c39 c166 c394 c877 c1254 c283 c737 c654 c217 c368 c1348 c675 c242 c1062 c506 c954 c1074 c679 c228 c149 c65 c1343 c614 c1397 c631 c158 c100 c744 c770 c795 c544
LearnProv6
c259 c1219 c1144 c1008 c0 c52 c925 c1346 c1040 c1296 c518 c907 c478 c777 c1227 c999 c1342 c1423 c426 c436 c1421 c1131 c928 c248 c1182 c826 c1223 c263 c135 c1276 c1413 c556 c1007 c513 c359 c1373 c615 c511 c120 c968 c536 c647 c310 c517 c768 c345 c1162 c1104 c1298 c705
ChromecastSv2
c319 c991 c411 c1154 c1134 c622 c1454 c470 c1409 c31 c1445 c725 c739 c1335 c386 c931 c131 c1096 c1243 c765 c832 c626 c689 c1066 c11 c164 c305 c1076 c1247 c785 c917 c1202 c571 c1233 c161 c339 c904 c923 c435 c234 c1206 c275 c1318 c1003 c1275 c738 c581 c1168 c180 c257 c807
FlightsSv2
c464 c780 c603 c282 c1419 c933 c1341 c455 c1126 c312 c1280 c1035 c1328 c116 c1354 c229 c317 c1119 c371 c1112 c589 c1251 c187 c153 c1081 c1009 c1160 c239 c1232 c870 c460 c241 c664 c148 c347 c1058 c961 c300 c1173 c856 c393 c793 c663 c1268 c945 c416 c1285 c645
TranslateProv2
c1075 c445 c401 c294 c1175 c1299 c18 c1093 c1241 c45 c19 c910 c474 c672 c801 c1006 c723 c1289 c1291 c1123 c428 c776 c284 c1405 c797 c189 c1388 c734 c61 c1080 c1372 c249 c669 c293 c1415 c331 c404 c1316 c1248
AndroidSv3
c733 c1470 c898 c154 c72 c892 c1238 c202 c172 c944 c1387 c704 c469 c343 c989 c1028 c1213 c1329 c342 c155 c88 c1302 c584 c1290 c851 c1090 c526 c77 c333 c427 c143 c534 c650 c361 c1322 c481 c940 c1209 c822 c162 c1351 c824 c1083 c843 c1135 c324 c1098 c760
DatabaseUltrav7
c385 c1184 c1479 c1412 c1204 c1441 c395 c322 c1011 c716 c5 c1451 c1014 c994 c1057 c407 c583 c613 c83 c56 c833 c901 c607 c974 c60 c390 c1245 c463 c136 c1407 c9 c1203 c451 c1376 c990 c854 c498 c677 c606 c1363 c1030 c104 c625 c1064 c578 c1141 c630 c745 c174 c1079 c1269 c146 c377 c635 c1443 c759
OsZv8
c409 c387 c742 c1473 c646 c543 c152 c1114 c108 c1357 c1230 c1099 c1001 c783 c987 c767 c806 c355 c594 c1132 c1339 c328 c125 c74 c962 c1395 c142 c538 c936 c769 c1288 c147 c1188 c1205 c1440 c1360 c641 c537 c1054 c308 c1493 c1026 c211 c336 c693 c628 c34 c1444 c868 c1495 c561 c1196 c127 c951 c1310 c475
MapsUltrav8
c1121 c1496 c1402 c611 c863 c123 c314 c376 c1164 c71 c984 c351 c1456 c895 c424 c686 c796 c729 c285 c818 c642 c983 c852 c979 c706 c25 c1337 c998 c499 c887 c479 c1032 c334 c1041 c298 c757 c685 c23 c1425 c230 c273 c501 c1170 c240 c516 c269 c30 c448 c1410 c1381 c325 c1311 c203 c27
BooksLitev3
c535 c976 c659 c402 c1218 c1314 c369 c185 c139 c748 c468 c667 c1177 c16 c449 c266 c221 c713 c1399 c258 c835 c209 c1246 c546 c728 c1215 c1391 c261 c560 c1198 c168 c1070 c434 c1315 c200 c558 c719 c1390 c1214 c443 c1 c175 c1336 c178 c274 c1139
DaydreamUltrav1
c1068 c778 c197 c815 c63 c301 c268 c568 c1147 c886 c612 c661 c1262 c353 c138 c598 c1263 c993 c98 c1345 c813 c696 c1043 c89 c492 c145 c188 c1282 c1408 c466 c673 c1369 c1091 c652 c247 c112 c551 c441 c94 c206 c362 c1197 c1382 c1013 c929
ChatLitev7
c1428 c1004 c1146 c889 c867 c489 c1195 c1048 c575 c982 c845 c54 c888 c412 c92 c477 c246 c243 c121 c1352 c1361 c524 c985 c805 c1237 c1034 c1416 c1449 c823 c1332 c433 c22 c869 c1364 c47 c484 c545 c965 c1189 c750 c1437 c1095 c1176 c820 c1359 c199 c1039 c1229 c636 c619 c462
VoiceNextv7
c1378 c1221 c871 c1225 c601 c1273 c588 c493 c1330 c360 c38 c874 c865 c156 c482 c651 c299 c1334 c296 c1253 c420 c141 c173 c254 c1260 c1107 c1370 c916 c599 c802 c921 c1222 c382 c208
DuoMaxv4
c1056 c442 c218 c1042 c194 c253 c1498 c1438 c370 c1084 c946 c165 c1240 c252 c670 c389 c909 c830 c281 c882 c1002 c1469 c996 c844 c91 c1433 c840 c899 c397 c115 c627 c1475 c1279 c1277 c804 c216 c596 c860 c227 c1292
FinanceLitev1
c1455 c1321 c1386 c1340 c340 c963 c894 c1010 c181 c1484 c1217 c214 c396 c170 c321 c260 c338 c1429 c418 c960 c303 c195 c755 c850 c233 c722 c761 c193 c746 c1420 c1133 c1452 c1258 c337
SecureLitev1
c947 c821 c842 c866 c349 c1259 c639 c743 c859 c290 c483 c473 c809 c695 c1380 c452 c717 c502 c569 c977
AssistantSv6
c1124 c124 c497 c1183 c709 c1307 c1349 c1374 c905 c1389 c1097 c943 c637 c1088 c1305 c1459 c653 c727 c459 c638 c712 c1287 c789 c926 c505 c399 c1494 c69 c73 c827 c532 c557 c62 c346 c512 c1111 c504 c610 c972 c182 c509 c12 c1185 c691 c1166
ClassroomProv4
c215 c798 c1270 c461 c1047 c875 c552 c1362 c1200 c1149 c741 c471 c447 c42 c707 c1281 c1480 c896 c924 c800 c68 c118 c129 c941 c643 c107 c201 c103 c861 c758 c1220 c967 c350 c714 c914 c150 c97 c95 c237
SkyNextv7
c576 c213 c555 c2 c621 c853 c113 c1295 c1087 c1150 c508 c1486 c572 c226 c122 c708 c169 c688 c392 c114 c1036 c160 c1297 c1000 c855 c1110 c1239 c1049 c880 c1294 c918 c375 c1375 c367 c541 c421 c838 c788 c7 c519 c93
AndroidAutoUltrav1
c222 c585 c1027 c608 c198 c574 c1137 c573 c1122 c1051 c1300 c732 c309 c1313 c1465 c891 c245 c1447 c587 c1244 c1427 c277 c791 c1317 c1102 c307 c21 c415 c352 c24 c105 c1309 c1491 c157 c542 c1187 c1044
DuoZv7
c1379 c354 c372 c1045 c884 c503 c1267 c288 c1432 c10 c1101 c1118 c995 c834 c1446 c600 c366 c1085 c1016 c839 c467 c1115 c406 c912 c1226 c1053 c754 c46 c1231 c992 c400
LoggingUltrav9
c119 c332 c106 c1358 c1462 c1105 c997 c391 c980 c1356 c1158 c1499 c1308 c51 c958 c84 c1125 c1426 c381 c1344
PhotoNextv6
c930 c190 c763 c235 c523 c1404 c453 c44 c580 c128 c373 c862 c1436 c787 c702 c1261 c1497 c660 c79 c1331 c341
AlertsZv3
c1485 c1059 c144 c20 c1153 c383 c1453 c1190 c1483 c1430 c1476 c96 c988 c900 c1338 c749 c75 c1180 c43 c593 c1151 c494
FlightsXv2
c994 c1231 c901 c1441 c372 c1064 c676 c960 c377 c463 c104 c635 c1079 c1141 c508 c385 c83 c924 c1407 c226 c1149 c613 c9 c1443 c1204 c677 c541 c1321 c467 c136 c1203 c555 c1363 c407 c103 c1110 c350 c1451 c607 c880 c1245 c321 c1220 c150 c56 c1480 c967 c1087 c1452 c1057 c1455 c233 c7 c850 c625 c990 c583
SitesUltrav3
c851 c1404 c1184 c1014 c451 c77 c1238 c469 c989 c1297 c1470 c396 c1098 c1432 c534 c481 c172 c1329 c963 c162 c174 c1213 c1386 c576 c822 c155 c177 c913 c760 c1439 c722 c733 c122 c109 c584 c303 c333 c600 c1351 c1376 c214 c154 c1302 c113 c1479 c427 c195
ShoppingUltrav8
c403 c1199 c1025 c935 c236 c244 c1393 c1174 c1482 c1434 c683 c1071 c1020 c1466 c419 c358 c858 c490 c756 c297 c82 c521 c774 c429 c344 c1323
ShoppingUltrav6
c716 c1047 c5 c1049 c461 c60 c1420 c790 c941 c1011 c95 c969 c1000 c974 c1434 c1295 c93 c1384 c1155 c322 c854 c2 c42 c621 c746 c578 c606 c1038 c761 c745 c1267 c643 c82 c741 c344 c755 c238 c395 c683 c1340 c146 c340 c1429 c1193 c914
DreamXv8
c513 c474 c1262 c1423 c45 c615 c259 c263 c18 c815 c1387 c768 c647 c1223 c143 c401 c248 c511 c1289 c1388 c1131 c441 c1075 c293 c359 c909 c1104 c1222 c361 c999 c1227 c925 c1263 c324 c1225 c310 c907 c1147 c1080 c428 c1007 c1006 c284 c138 c19 c536 c1040 c1421 c824 c1276
DataSv1
c61 c202 c843 c337 c367 c892 c404 c704 c294 c471 c776 c723 c1372 c1135 c1405 c1115 c754 c921 c156 c1316 c1299 c630 c800 c1217 c672 c341 c382 c1123 c1362 c714 c734 c331 c1028 c1290 c170 c342 c1150 c910 c493 c343 c1273 c1071 c1248 c519 c72
ChromeZv2
c1091 c1373 c687 c705 c345 c1144 c696 c318 c135 c478 c747 c886 c1083 c1408 c1162 c935 c338 c833 c1043 c1133 c826 c1291 c206 c598 c1342 c874 c1197 c1296 c1107 c0 c249 c944 c272 c759 c940 c855 c503 c1235 c526 c1298 c834 c1346 c551 c400 c517 c120 c898 c1008 c801 c498 c1322
MapsZv4
c1226 c260 c129 c181 c758 c213 c220 c193 c1250 c838 c688 c1242 c1270 c190 c429 c1320 c1010 c1169 c114 c586 c406 c1323 c118 c366 c1379 c884 c447 c1281 c1446 c808 c528 c788 c810 c1258 c201 c918 c1484 c1020 c707
GlassOSUltrav7
c1093 c1369 c262 c1013 c438 c458 c316 c1415 c840 c128 c798 c1436 c968 c173 c442 c518 c360 c492 c1002 c652 c236 c1200 c650 c813 c1241 c63 c94 c1042 c466 c194 c268 c10 c1175 c993 c436 c420 c88 c844
AndroidTVMaxv4
c142 c962 c1334 c1026 c806 c777 c1395 c612 c370 c387 c1114 c669 c237 c211 c189 c882 c301 c247 c1230 c147 c929 c1440 c1260 c475 c860 c52 c1253 c1209 c561 c1310 c34 c651 c1473 c951 c987 c152 c742 c556 c1001 c996 c1345 c1120 c1054 c1239 c767 c871 c1099 c868 c426 c1132 c1413 c928 c1090 c936 c353 c1182 c1219 c543 c1433
NewsZv4
c1368 c158 c216 c224 c1478 c1265 c117 c829 c132 c101 c568 c645 c1188 c1077 c588 c414 c282 c217 c3 c116 c232 c336 c239 c1280 c1118 c425 c908 c416 c323 c1406 c67 c1112 c678 c1160 c802 c1292 c107 c1236 c26 c793 c744 c794 c812 c1138 c594 c1081 c265 c455 c894 c766
StreamXv2
c1056 c1285 c1272 c229 c228 c446 c797 c572 c523 c32 c245 c1461 c1398 c617 c355 c770 c134 c656 c846 c1127 c1108 c540 c737 c595 c55 c1426 c724 c670 c140 c665 c482 c1060 c544 c550 c289 c932 c1348 c506 c1181 c1067 c254 c405 c51 c24 c632 c915 c618 c1211 c699 c779 c769 c848 c33 c1397 c1207 c1475 c641 c1086 c959
FinanceProv4
c836 c313 c547 c302 c76 c1375 c97 c953 c215 c616 c690 c1036 c1460 c566 c570 c731 c1082 c1212 c1486 c68 c421 c375
VoiceXv4
c186 c1109 c845 c495 c1417 c1196 c1271 c250 c267 c608 c1216 c784 c1089 c778 c29 c399 c22 c1495 c1111 c1366 c1163 c708 c153 c502 c691 c1283 c472 c225 c1444 c633 c433 c905 c413 c1394 c545 c1343 c750 c867 c1450 c108 c489 c335 c454 c378 c1208
CultureLitev7
c654 c1068 c65 c79 c624 c865 c679 c538 c1073 c419 c609 c577 c664 c327 c145 c1357 c804 c1085 c1078 c870 c883 c390 c64 c964 c603 c300 c208
DrawingsLitev8
c480 c817 c500 c230 c1259 c1257 c1148 c1129 c783 c730 c312 c681 c509 c695 c330 c567 c673 c464 c605 c1069 c87 c409 c1418 c54 c315 c299 c1489 c37 c799 c548 c939 c703 c227 c356 c706 c1256 c692 c888 c1410 c1389 c1009 c781 c187 c439 c856 c112 c487 c1266 c384 c831 c611 c6 c1165 c348
YouTubeMaxv8
c732 c839 c328 c1333 c13 c675 c1370 c881 c752 c491 c1468 c317 c811 c1055 c1488 c565 c1084 c347 c1328 c306 c1103 c483 c86 c1152 c100 c159 c352 c75 c658 c251 c1050 c537 c1367 c947 c579 c878 c74 c975 c1092
StreamZv6
c931 c165 c209 c97 c1282 c1125 c1390 c389 c1033 c571 c837 c176 c680 c623 c39 c1065 c1096 c682 c765 c468 c917 c1247 c432 c591 c166 c1018 c818 c386 c998 c1136 c689 c740 c25 c1243 c587 c1411 c1031 c246 c762 c1139 c1412 c604 c31 c11 c1146 c631 c269 c196 c1391 c410 c1377 c1383 c1264 c1274
PhoneProv5
c922 c1499 c1240 c539 c957 c663 c639 c819 c764 c1029 c169 c253 c243 c48 c473 c462 c1269 c1341 c1465 c890 c160 c393 c78 c1331 c1493 c1382 c431 c242 c292 c357 c183 c715 c403 c553 c43 c1048 c1095 c1157 c1122 c308 c1234 c46 c167 c398 c736 c1422 c602 c90 c374 c92 c859
ChromecastNextv4
c1143 c1156 c1416 c14 c803 c511 c324 c1289 c1406 c1473 c620 c904 c962 c34 c339 c4 c294 c147 c23 c1291 c746 c368 c1292 c391 c275 c996 c503 c1230 c742 c70 c155 c581 c1205 c705 c871 c424 c1112 c239 c191 c1314 c1193 c1232 c105 c62 c534 c766 c1339 c282 c1188 c1478 c1487 c1081 c1421 c954 c260 c1123 c1173 c461 c351
StreamNextv8
c1224 c507 c832 c365 c1425 c1477 c842 c278 c1294 c640 c1268 c435 c285 c98 c1004 c477 c514 c123 c795 c185 c1249 c124 c486 c261 c76 c1202 c1229 c1360 c127 c825 c452 c1074 c234 c171 c1437 c709 c530 c144 c57 c411 c549 c1456 c465 c257 c946 c1177
DaydreamZv6
c1209 c211 c504 c1210 c733 c814 c1168 c408 c885 c1438 c556 c481 c1445 c1315 c649 c1255 c302 c919 c951 c590 c806 c290 c835 c1413 c110 c1330 c58 c693 c457 c1052 c1479 c777 c1400 c133 c1399 c221 c329 c1337 c1471 c1121 c983 c255 c501 c760 c929 c1015 c561 c460 c895 c427 c130 c387 c782 c139 c1304 c30 c535
FuchsiaLitev1
c1041 c247 c470 c1191 c264 c1016 c1401 c1303 c557 c849 c1454 c698 c1171 c131 c1170 c459 c388 c642 c1284 c653 c1026 c1310 c667 c524 c152 c1251 c786 c796 c444 c889 c805 c648 c877 c41 c559 c1120 c655 c80 c1385
PatentsLitev7
c426 c1392 c841 c223 c546 c928 c1030 c614 c1215 c1301 c71 c151 c921 c342 c353 c863 c1003 c1290 c161 c1325 c714 c422 c520 c891 c892 c978 c364 c672 c701 c1287 c271 c627 c1071 c1100 c933 c156 c450 c1492 c334 c1275 c16 c1045 c1094 c319 c543 c1440 c304 c1233
PhoneProv7
c38 c184 c700 c36 c288 c448 c371 c942 c927 c488 c1161 c575 c772 c1365 c852 c702 c589 c1061 c1491 c376 c1105 c1361 c985 c1140 c1058 c91 c484 c1039
AndroidTVSv9
c512 c40 c943 c1166 c823 c53 c1130 c827 c1374 c1449 c720 c756 c1371 c485 c1380 c980 c1332 c1180 c397 c89 c394 c717 c119
SkyUltrav9
c1414 c207 c533 c763 c789 c585 c685 c383 c298 c1419 c1359 c552 c179 c1035 c499 c1183 c875 c1113 c283 c1305 c510 c857
ImagesNextv7
c287 c1007 c1221 c558 c154 c1172 c443 c794 c1409 c1443 c941 c1153 c103 c216 c1162 c27 c677 c815 c1076 c961 c643 c508 c345 c142 c716 c485 c1374 c1014 c192 c607 c451 c712 c428 c116 c936 c1064 c1150 c1451 c445 c89 c323 c331 c204 c361 c1223 c686 c1114 c1371 c343 c47 c940 c725 c5 c1206 c759 c222 c960
GroupsProv2
c1244 c1246 c1219 c1023 c1119 c1403 c991 c1351 c536 c626 c979 c263 c1376 c1355 c986 c1486 c768 c1423 c630 c723 c474 c926 c647 c1352 c138 c359 c816 c72 c738 c214 c1227 c453 c367 c1080 c671 c320 c174 c868 c1192 c1066 c469 c909 c293 c743 c1288 c1326 c669 c1131 c866 c202
WebserverMaxv3
c17 c188 c164 c1198 c178 c434 c529 c392 c68 c170 c637 c193 c1373 c965 c414 c19 c120 c296 c599 c1484 c498 c1043 c346 c517 c333 c220 c3 c594 c111 c598 c874
SearchSv2
c1354 c203 c1300 c1490 c910 c1088 c897 c276 c820 c1184 c1470 c601 c69 c807 c273 c423 c1299 c35 c379 c776 c1467 c349 c1324 c291 c1362 c987 c1238 c1179 c479 c989 c1195 c1469 c862 c713 c1116 c773 c106 c977 c449 c382 c560 c958 c1102 c73 c66 c1062 c628 c1316 c963
DaydreamProv6
c1079 c1236 c1054 c61 c525 c749 c1363 c678 c1189 c395 c1070 c284 c823 c1340 c205 c1077 c767 c1322 c801 c886 c1037 c1452 c943 c1381 c60 c994 c322 c1024 c476 c252 c1005 c249 c1345 c1302 c1130 c217 c326 c645 c847 c1296 c162 c310 c901 c1263 c1006 c1380 c407 c1378 c279 c149 c1166 c757 c1110 c898 c720 c150 c311 c1265
SlidesXv7
c455 c1305 c1419 c842 c764 c229 c393 c550 c123 c1300 c688 c1095 c1297 c242 c1318 c308 c167 c802 c318 c804 c506 c1195 c993 c355 c963 c606 c148 c603 c513 c78 c416 c1475 c807 c374 c709 c656 c572 c832 c1316 c1160 c1441 c1245 c1405 c135 c1175 c1469 c1456 c465 c959 c1202 c834 c1086 c1187 c795
ChartsLitev5
c415 c528 c441 c172 c853 c1012 c195 c902 c923 c1159 c1277 c1144 c129 c1342 c950 c1368 c199 c1279 c1262 c1387 c1091 c101 c137 c727 c1008 c999 c1154 c833 c1132 c85 c175 c493 c1032 c851 c1472 c181 c1248 c1197 c646 c1107 c132 c52 c1126 c1298 c911 c1222 c527 c404 c1346 c1115
CurrentsXv7
c659 c241 c168 c1214 c305 c198 c1372 c231 c369 c615 c28 c1225 c1218 c1040 c1286 c944 c838 c272 c1379 c412 c259 c1335 c697 c1388 c1408 c1 c826 c1498 c1133 c893 c945 c338 c1147 c687 c753 c638 c406 c1010 c775 c197 c564 c1386 c1311 c478 c1090 c401 c861 c1217 c882
VoiceProv4
c370 c925 c180 c876 c1228 c452 c7 c860 c314 c473 c136 c190 c1204 c1465 c1404 c974 c12 c350 c924 c825 c1382 c1477 c1122 c325 c717 c1384 c1295 c635 c1476 c1446 c1118 c463 c1229 c754 c612
TranslateSv8
c1253 c20 c494 c157 c1270 c873 c1044 c973 c96 c1395 c332 c1402 c1334 c1457 c521 c619 c1427 c570 c77 c121 c906 c274 c976 c788 c471 c201 c918 c1151 c1281 c1273 c913 c1306 c1053 c381 c1001 c636 c248 c258 c651 c622
WearOSMaxv1
c989 c538 c241 c240 c1401 c1365 c919 c1108 c28 c514 c1438 c821 c425 c1225 c411 c1011 c1255 c377 c228 c92 c819 c533 c88 c1073 c549 c829 c826 c36 c602 c1422 c132 c912 c1472 c835 c561 c1209 c1369 c152 c175 c388 c1171 c172 c1222 c219 c1272 c844 c1091 c492 c702 c930 c530 c736 c33 c1344 c98 c1399 c444 c578
SlidesMaxv6
c588 c417 c519 c840 c1177 c1060 c91 c400 c67 c362 c233 c1353 c289 c724 c1017 c403 c169 c1397 c922 c1211 c1425 c770 c618 c18 c1047 c915 c486 c1234 c1331 c711 c371 c278 c316 c639 c194 c285 c1067 c1341 c446 c1161 c900 c300 c26 c744 c95 c848 c629 c402 c737 c741 c1180 c1357 c632 c507 c394 c798 c920 c226
BooksUltrav6
c713 c1168 c756 c504 c1248 c1208 c1304 c10 c398 c483 c1207 c108 c1385 c303 c1359 c1450 c1121 c347 c859 c179 c472 c987 c1262 c184 c139 c427 c858 c806 c1298 c100 c782 c923 c268 c1333 c675 c254 c658 c237 c769 c633 c850 c1342 c1354 c999 c183 c849 c378 c1056 c489 c482 c1368 c129 c502 c526 c146 c544
WearOSMaxv2
c1074 c921 c1336 c1018 c57 c1041 c1400 c1337 c291 c1335 c1159 c1035 c31 c1417 c646 c818 c104 c929 c202 c335 c1066 c166 c1002 c509 c1165 c1260 c1346 c1495 c975 c1096 c156 c487 c16 c1219 c130 c266 c917 c928 c1480 c1301 c1216 c187 c422 c760 c540 c1383 c939 c595 c174 c1113 c1326 c1372 c469 c1376 c247 c1403 c614 c405
AndroidUltrav5
c448 c516 c787 c1164 c1449 c113 c171 c748 c555 c253 c1213 c852 c1083 c870 c1058 c554 c270 c654 c76 c726 c208 c127 c966 c551 c477 c309 c185 c624 c488 c883
DuoProv6
c140 c245 c796 c1120 c90 c211 c657 c641 c1398 c773 c435 c927 c1072 c696 c1268 c694 c1217 c128 c524 c988 c224 c418
