66
ClassroomSv2
RuthX
MarsUltrav4
PhilippY SergeyA TatiyanaT BenjaminY PetarG StepanL NellyO MichalQ PhilippE LarryG BakhodirJ MichalF SusanC BakhodirB PetarA PrabhakarV RuthP
ReleaseLitev7
RuthT SergeyW FionaV MaxO
MoonUltrav4
LarryN
DaydreamMaxv4
ThomasQ
SantaTrackerProv9
PrzemekV
ChartsMaxv5
NellyA FionaJ MichalY SusanK FionaT
ScholarXv6
SundarD StefanK PrabhakarC BakhodirR RuthB SundarA RuthF JenL MatasK BakhodirG TatiyanaR TatiyanaP
FormsUltrav3
ThomasL MatasF HiroshiI PetarD PrabhakarU PetarN TatiyanaA StepanO
AndroidTVMaxv1
LarryC NellyY MaxA JenE SergeyV SergeyW TatiyanaD FionaL SusanD BenjaminK PhilippV BenjaminG ThomasE PhilippT StefanM SergeyU
CollectionsUltrav9
HiroshiZ BenjaminO
TravelUltrav3
PetarR JenE
DataNextv9
ClementO SergeyR HiroshiI JenE LarryL FionaZ JenF StepanK PrzemekH BenjaminR SusanN TatiyanaI PetarD SergeyA PrzemekW HiroshiD PetarV BenjaminY SergeyQ SergeyK LarryD TatiyanaX StefanM TatiyanaW ThomasI
PatentsMaxv2
MaxV NellyU MatasR MatasZ HiroshiH SergeyV BenjaminX BakhodirG BenjaminK LarryC
FuchsiaProv7
BenjaminJ SusanV BakhodirQ
ChromeLitev4
LarryU MichalY PrabhakarA
KeepNextv4
PrabhakarN
CurrentsXv1
StepanV
SkyLitev8
MatasK BenjaminD RuthO SusanT HiroshiD BakhodirR PhilippT ThomasZ BakhodirC PrzemekU PetarV MaxH FionaA JenU HiroshiT MatasR StefanH BakhodirS PrzemekC BenjaminB TatiyanaT PrzemekG TatiyanaH
FinanceMaxv7
MaxY StepanU HiroshiL ThomasT BenjaminP
StadiaProv5
RuthI MaxA FionaA
SkyZv5
SundarM
KeepXv1
PrabhakarA
SkyProv4
MichalZ ThomasQ
ConnectXv3
StefanG
CastOSSv6
SusanH ThomasW JenJ
CurrentsProv2
StepanJ
CodeZv4
RuthY LarryM
StorageSv6
SundarM PrabhakarI StefanA PhilippQ BakhodirO RuthB StefanM JenM MichalO FionaJ PrzemekI HiroshiW PetarI FionaH JenE MaxK LarryW TatiyanaI FionaT SergeyK MichalW
TravelProv6
PhilippJ
AndroidTVLitev7
RuthW MichalD JenE ThomasI MatasH NellyM BakhodirM LarryL StefanA
NewsXv5
SundarV PrzemekH
PixelProv1
MatasF
AssistantMaxv9
MichalA
LearnProv8
MichalO
GroupsZv8
BakhodirL PetarI StepanL MichalV BenjaminK
MapsNextv5
SusanS LarryV
SheetsZv4
RuthF PrabhakarN
StreetViewXv2
StepanJ PrzemekF HiroshiS
BuildProv1
PrabhakarI
AssistantNextv5
PrabhakarE StefanW PrzemekC PhilippA PetarN BakhodirR RuthL MichalQ StepanW PhilippJ PetarA StefanM HiroshiB FionaT PrzemekG BakhodirL SundarM BenjaminY SergeyH
ClassroomXv9
LarryG StepanK
SearchUltrav8
SergeyG PhilippI MichalS
DataSv9
PrzemekI HiroshiC TatiyanaX MaxA PrabhakarA SundarX JenP MichalI BakhodirD FionaB
CurrentsProv7
SusanT
NewsMaxv1
TatiyanaT
BloggerProv2
StefanO FionaV SundarM
ClassroomProv5
RuthE PrzemekG TatiyanaB MichalA SergeyG StefanQ SundarM BakhodirC RuthO RuthP StefanM StepanK StefanN RuthT StepanH
ChatLitev6
NellyV SergeyU NellyD ClementI ThomasO StefanH BenjaminK PrabhakarB PetarJ PhilippS StepanK LarryC
CalendarLitev5
BenjaminS StepanH PrabhakarB NellyK
DatasetSearchXv2
MaxZ PetarE StefanK StefanA SundarX SusanD
LoggingXv4
SergeyJ StepanV PrzemekW
CollectionsProv5
JenJ SundarD PetarZ
FinanceXv5
BakhodirJ
StreetViewMaxv8
PetarA
ScholarZv1
RuthY MichalQ PrzemekP LarryU
AndroidAutoZv1
PetarV MichalS
ScholarSv9
ThomasD PrabhakarV StefanL PrabhakarN MaxB SergeyJ StefanU PrzemekU MaxJ SusanK FionaZ
StreetViewXv9
PrzemekQ StefanX SusanI ThomasU NellyI
ConnectLitev9
SundarM
FeedBurnerLitev8
StefanN BenjaminL PrabhakarE
VoiceZv6
HiroshiQ SundarJ
DatasetSearchLitev6
PrzemekP MaxA BenjaminJ ClementJ StepanL SundarI PhilippK PetarN HiroshiM
BloggerProv9
BenjaminK
MoonXv3
SergeyY PetarM
DocsUltrav2
BakhodirB NellyM BakhodirQ NellyW LarryL PrabhakarM PrabhakarO JenL
