44
SlidesNextv2
JenZ PhilippH
StreamXv9
LarryO
WearOSLitev5
NellyY BakhodirD TatiyanaC JenK PhilippI
ShoppingProv8
FionaN PhilippI
StreetViewProv9
SundarA MatasC ClementE MatasW HiroshiB PhilippK NellyY LarryO
AndroidAutoZv2
PhilippH HiroshiB PhilippI LarryX SergeyU
SitesSv1
SergeyU ClementL
ResearchXv8
SundarP ClementM BenjaminO JenK ClementE
GameProv3
PhilippY
ConnectLitev9
SundarA
ChromeNextv7
JenG BakhodirD PhilippY
StreetViewXv1
TatiyanaC MatasC FionaF
ExploreUltrav8
BakhodirD ClementM JenG HiroshiF ClementT SusanQ ClementE
DaydreamLitev7
BenjaminO
FeedBurnerMaxv3
TatiyanaC LarryO
MarsXv1
PrabhakarR FionaJ MichalB MatasH
ShortsNextv7
FionaF PhilippY HiroshiF
DocsNextv2
SundarP HiroshiB ClementL
MarsUltrav8
PhilippI SergeyU SusanQ PhilippP StefanQ BenjaminT RuthX BakhodirG MatasW
DuoZv4
ThomasK SundarP LarryX ClementT PhilippK RuthX ThomasM
FeedBurnerMaxv1
MichalB ThomasK ClementL HiroshiF
DreamSv2
SusanQ PhilippP SergeyN LarryO PhilippI MatasW
SmartLitev9
JenZ ThomasK PhilippP
MarsLitev5
BakhodirD TatiyanaC
StreamXv6
BenjaminO HiroshiB SergeyN ClementM ClementT
BuildMaxv1
MichalB RuthX NellyY BakhodirG SergeyV
ChromeOSUltrav5
HiroshiB PhilippH SergeyU HiroshiW PhilippK ClementL
SmartSv2
FionaF BakhodirW PhilippK BenjaminT FionaN
DuoZv2
PhilippY SundarP FionaF
ChromeOSLitev3
PhilippP HiroshiW PhilippY
MapsSv7
SundarA PhilippK FionaF LarryO ClementM ThomasK MatasW LarryX ClementE BakhodirD
MapsProv8
HiroshiW SergeyT LarryX
CollectionsNextv1
TatiyanaC SergeyN MatasW JenG
GlassOSLitev9
ClementT BakhodirG SundarA PhilippK HiroshiF PhilippH
WebserverProv6
PhilippP
ClassroomMaxv2
TatiyanaC SusanQ
GameLitev8
PhilippP PhilippK MatasW SergeyN
ReleaseUltrav1
ClementT BakhodirD
CastOSProv6
LarryX
AndroidTVMaxv5
HiroshiF SundarP PhilippK
GmailLitev9
PhilippP BakhodirG ThomasK StefanQ PetarF MatasW LarryX HiroshiF JenG SergeyN
GameProv6
LarryO SusanQ SergeyT
FuchsiaXv6
SundarL SundarA
GlassOSSv3
MatasW JenZ
