68
SkyXv9
c1018 c398 c1186 c564 c740 c86 c1481 c357 c480 c99 c1252 c1140 c364 c48 c762 c439 c949 c495 c751 c510 c831 c388 c41 c50 c183 c1366 c952 c1468 c681 c1255 c1283 c890 c950 c207 c602 c841 c530 c782 c476 c1211 c295 c730 c1019 c335 c649 c58 c151 c264 c902 c410
MapsUltrav8
c1403 c565 c1227 c1161 c1113 c595 c725 c1165 c413 c1130 c133 c1417 c306 c223 c472 c1392 c1365 c1264 c507 c1284 c167 c1144 c1127 c893 c553 c634 c446 c648 c846 c1367 c986 c70 c1326 c819 c486 c1266 c330 c291 c140 c414 c698 c270 c110 c784 c36 c915 c697 c1489 c1304 c624 c320 c715 c326 c567
ChromecastZv5
c692 c1015 c130 c1272 c379 c520 c1411 c1418 c1325 c1156 c66 c816 c932 c311 c329 c703 c422 c527 c1472 c1210 c191 c1224 c1046 c432 c1031 c1179 c205 c1257 c1401 c184 c465 c408 c1116 c454 c1052 c514 c276 c847 c1033 c292 c384
ChromeProv4
c1251 c1023 c807 c1067 c62 c1377 c1296 c686 c101 c826 c1268 c834 c851 c631 c448 c145 c1086 c1114 c425 c397 c693 c430 c39 c1206 c136 c856 c676 c247 c1471 c1173 c260 c974 c1336 c196 c1234 c1348 c273 c71 c88 c204 c166
ShoppingUltrav6
c1492 c1157 c1073 c878 c919 c857 c533 c487 c224 c1303 c1383 c662 c1385 c1355 c928 c31 c1285 c1096 c1069 c26 c978 c327 c665 c469 c655 c973 c265 c536 c699 c939 c591 c1055 c1236 c137 c1108 c511 c423 c1256 c225 c885 c1191 c623 c539 c957 c361
ImagesZv5
c35 c255 c881 c1136 c378 c1109 c405 c799 c1022 c14 c1324 c6 c491 c257 c879 c1007 c417 c883 c794 c678 c1467 c1163 c29 c1461 c781 c1094 c1005 c1488 c817 c849 c525 c672 c803 c444 c186 c779 c540 c33 c90 c680 c682 c942 c278 c671 c829 c37 c55 c404 c1373 c176 c323 c134 c764 c549 c736
StreamZv6
c931 c165 c315 c1050 c584 c1006 c1271 c1397 c231 c571 c605 c825 c365 c345 c1413 c1065 c959 c28 c765 c229 c795 c331 c1490 c111 c279 c1431 c1098 c386 c60 c1078 c353 c377 c675 c310 c350 c239 c246 c701 c1175 c174 c481 c604 c824 c11 c1280 c556 c1368 c416 c211 c53 c1451 c1171 c1400 c1398
SitesUltrav3
c347 c656 c812 c356 c632 c271 c1008 c1423 c100 c936 c3 c1089 c1092 c1316 c1328 c64 c925 c45 c1341 c1478 c550 c67 c1487 c1354 c1216 c348 c394 c1371 c1265 c543 c248 c87 c85 c217 c964 c1192 c1342 c1414 c1351 c1093 c806 c488 c700 c254 c544 c1208 c259
DataSv1
c61 c1407 c1100 c1072 c1243 c1249 c577 c737 c1077 c289 c267 c723 c658 c907 c742 c983 c1 c374 c328 c1441 c513 c975 c1129 c1103 c241 c171 c828 c766 c424 c1262 c615 c1143 c18 c1394 c149 c837 c462 c1058 c1406 c663 c1075 c1445 c304 c500 c1207
ChromeZv2
c1299 c999 c1410 c464 c814 c132 c991 c1154 c284 c142 c590 c647 c13 c1159 c0 c506 c187 c32 c1123 c435 c901 c460 c922 c1301 c1134 c1233 c283 c202 c1177 c368 c863 c1131 c594 c614 c1422 c135 c1081 c768 c1450 c617 c143 c640 c242 c155 c548 c1029 c554 c65 c282 c579 c57
FlightsNextv3
c206 c1213 c773 c1080 c1104 c1003 c1282 c760 c1493 c78 c581 c427 c897 c1168 c457 c275 c1288 c5 c455 c1037 c877 c1126 c159 c1254 c322 c1421 c1419 c738 c733 c219 c59 c689 c744 c1040 c625 c770 c954 c158 c603 c359 c445 c1470 c1074 c1329 c705 c56 c83 c1391 c474 c892 c1290 c120 c677
ChatLitev7
c654 c628 c822 c843 c534 c645 c1219 c1202 c146 c1440 c1454 c72 c801 c910 c904 c1070 c426 c713 c1160 c1230 c94 c1298 c633 c1182 c769 c437 c1009 c371 c989 c793 c1062 c450 c669 c818 c470 c1376 c908 c436 c428 c314 c451 c776 c679 c180 c305 c780 c517 c1405 c336 c1363 c409
YouTubeXv1
c777 c1248 c463 c832 c319 c1276 c1247 c1135 c1057 c854 c951 c785 c339 c642 c1223 c968 c1275 c294 c622 c214 c724 c750 c1302 c1289 c9 c1346 c739 c478 c148 c1215 c1343 c917 c499 c194 c1119 c1318 c161 c961 c1162 c228
FlightsUltrav5
c258 c317 c945 c1079 c147 c389 c293 c221 c947 c342 c164 c1209 c475 c234 c308 c1274 c1360 c1076 c977 c52 c1218 c152 c886 c1054 c1412 c138 c485 c1372 c312 c393 c411 c19 c1246 c606 c269 c1141 c131
DatasetSearchZv7
c940 c218 c652 c387 c1269 c300 c23 c1263 c767 c1035 c116 c74 c1132 c1170 c1322 c1172 c395 c1001 c1238 c783 c1409 c578 c1357 c1260 c104 c1138 c1039 c153 c1315 c1188 c1245 c200 c1335 c994 c630 c1387 c696 c667 c1204 c162 c343 c1232 c1064 c334 c1028 c1203 c1495 c1083
FormsNextv5
c1011 c546 c909 c1112 c704 c852 c641 c127 c443 c400 c923 c30 c1310 c1090 c407 c1388 c613 c1041 c734 c526 c1196 c1449 c501 c1121 c77 c1240 c1014 c1026 c757 c34 c1369 c745 c870 c1205 c1068 c635 c12 c518 c1066 c355 c982 c797 c1229 c1339 c154 c583 c263 c990 c626 c868 c1416 c1332 c759 c833 c898
PhotoSv9
c449 c962 c1314 c728 c1195 c477 c230 c706 c243 c748 c998 c813 c121 c63 c1147 c661 c16 c112 c266 c175 c557 c650 c492 c189 c802 c561 c607 c612 c1184 c1452 c1225 c716 c25 c944 c1473 c325 c390 c796 c888 c1443 c589 c108 c1345 c985 c209 c1444 c333 c664 c1241 c984 c285 c38 c685
DuoMaxv4
c646 c442 c916 c1496 c376 c253 c815 c1164 c208 c324 c729 c479 c874 c538 c98 c1197 c441 c805 c27 c516 c1456 c1415 c1032 c1273 c1381 c1337 c979 c298 c537 c1237 c1291 c22 c987 c673 c933 c197 c1408 c860 c172 c921
AndroidSv3
c1390 c1139 c639 c1042 c1395 c670 c301 c871 c125 c804 c899 c1084 c1166 c466 c659 c1198 c636 c568 c1399 c303 c1253 c203 c535 c993 c1311 c1048 c97 c895 c651 c845 c433 c268 c1030 c558 c92 c1279 c560 c1479 c1378 c887 c468 c249 c1107 c719 c1429 c929 c619 c1095
SkyNextv7
c168 c54 c1484 c2 c1340 c498 c1221 c519 c889 c643 c596 c1389 c1402 c823 c193 c434 c611 c188 c1002 c1222 c401 c170 c1043 c1013 c461 c156 c800 c545 c362 c1382 c820 c1364 c452 c91 c541 c1056 c946 c173 c7 c115 c1091
FlightsSv2
c1386 c1258 c1321 c1475 c123 c73 c370 c1362 c178 c1000 c385 c1239 c758 c1375 c576 c575 c627 c691 c103 c47 c1185 c181 c338 c42 c340 c1183 c963 c1361 c139 c1486 c1437 c351 c621 c369 c402 c412 c866 c924 c418 c835 c588 c337 c1359 c960 c610 c483 c599 c489
PatentsLitev8
c1110 c1088 c1428 c1349 c360 c321 c1292 c709 c717 c882 c865 c755 c124 c346 c1004 c509 c1099 c637 c1115 c299 c727 c859 c976 c598 c754 c1480 c821 c569 c869 c459 c198 c233 c471 c1133 c1034 c1259 c840 c1146 c399 c185 c880 c707 c746 c1049 c290 c1122 c396 c493 c502
StreamUltrav2
c1455 c141 c1491 c199 c113 c1149 c789 c1380 c129 c1097 c695 c1270 c1370 c215 c1294 c447 c1352 c1498 c844 c216 c896 c542 c867 c761 c587 c1494 c967 c875 c274 c150 c688 c941 c965 c1313 c809 c1189 c46 c503 c926 c75 c382 c894 c827 c798 c261 c1334
StreamXv2
c1056 c1282 c502 c498 c390 c1104 c976 c625 c998 c803 c1345 c1461 c549 c746 c1452 c770 c134 c359 c881 c678 c954 c540 c290 c598 c90 c275 c1221 c561 c707 c525 c482 c1060 c1340 c1473 c760 c1391 c471 c685 c63 c257 c1195 c405 c743 c24 c493 c1109 c677 c332 c186 c779 c755 c802 c33 c83 c716 c158 c638 c748 c108
LoggingProv9
c128 c1044 c1420 c1305 c307 c392 c653 c1295 c354 c996 c1446 c1323 c891 c573 c1281 c95 c1217 c1379 c601 c4 c972 c1153 c1447 c504 c524 c714 c296 c861 c89 c787 c1036 c838 c1404 c182 c572 c252 c381 c107 c608 c484 c842 c1047 c741 c367 c712 c1331
SearchLitev1
c265 c724 c111 c434 c11 c404 c1450 c632 c1398 c71 c23 c1003 c1454 c427 c856 c801 c962 c1251 c6 c229 c147 c951 c164 c925 c338 c990 c47 c908 c62 c430 c1348 c1086 c350
StadiaProv2
c1045 c1111 c1425 c237 c1214 c80 c600 c122 c532 c157 c403 c722 c683 c593 c1438 c240 c905 c1200 c372 c213 c227 c969 c855 c21 c220 c839 c1277 c109 c177
MapsZv4
c1469 c1384 c415 c1190 c1220 c1483 c69 c93 c505 c1150 c830 c1242 c508 c190 c429 c20 c1010 c778 c1309 c1059 c406 c1459 c118 c105 c1330 c884 c1432 c119 c51 c808 c1374 c788 c810 c453 c201 c497 c1307 c473 c160
DreamXv8
c869 c1286 c1181 c687 c1151 c756 c467 c96 c1349 c1110 c570 c821 c790 c882 c375 c195 c79 c222 c1259 c1137 c1099 c1176 c918 c853 c1051 c1485 c1292 c169 c262 c859 c232 c1004 c1146 c1034 c163 c321 c233 c865 c349 c281 c185 c245 c840 c1122 c943 c551 c226 c509 c512 c299
StorageUltrav2
c297 c1148 c552 c1433 c344 c383 c313 c1027 c1317 c1297 c1427 c702 c791 c1267 c341 c1085 c920 c1102 c1053 c82 c1497 c850 c106 c1287 c980 c555 c1476 c988 c212 c420 c930 c288 c277 c84 c1462 c585 c1016 c366 c912 c523
VoiceXv4
c1328 c983 c149 c1168 c1243 c98 c500 c1445 c544 c659 c1216 c55 c1089 c1131 c29 c1456 c1265 c492 c739 c737 c1163 c1301 c193 c1484 c1467 c1233 c424 c319 c744 c1346 c143 c829 c255 c1394 c672 c1275 c750 c132 c0 c1105 c1154 c1119 c65 c378 c1208
VoiceNextv7
c1194 c1426 c1300 c1118 c1071 c914 c1358 c40 c373 c1350 c720 c997 c1226 c68 c708 c732 c995 c657 c380 c618 c1193 c1278 c114 c981 c1101 c1124 c574 c1457 c521 c616 c528 c244 c1306 c1453
NewsZv4
c1129 c764 c1027 c1226 c1478 c289 c916 c244 c325 c1415 c736 c356 c738 c1207 c45 c537 c879 c217 c3 c479 c1421 c1022 c18 c491 c1118 c1075 c763 c612 c323 c1406 c67 c324 c817 c417 c170 c433 c543 c259 c14 c897 c1444 c794 c175 c1080 c272 c1488 c1092 c444 c441 c680
MoonMaxv6
c557 c38 c1241 c76 c966 c1169 c717 c496 c980 c752 c333 c287 c1436 c449 c984 c1353 c189 c1297 c341 c607 c958 c124 c458 c944 c1049 c1244 c1053 c1025 c728 c1155 c209 c243 c43
OsProv6
c942 c112 c1428 c2 c930 c176 c56 c690 c682 c206 c705 c671 c156 c1125 c796 c733 c452 c1094 c1187 c661 c664 c120 c1007 c1013 c883 c461 c37 c706 c1222 c1037 c849 c1402 c892 c1074 c1290 c970 c519 c278 c1088 c850 c35 c1213 c1133 c799 c689 c709 c985 c1005 c1324 c877 c781 c59 c773 c1288 c1136 c219 c236
GlassOSUltrav7
c1093 c1124 c27 c1479 c1077 c396 c316 c1408 c347 c611 c907 c1152 c589 c25 c442 c615 c360 c791 c1147 c1423 c125 c1103 c650 c813 c1378 c344 c1184 c85 c1040 c888 c268 c374 c700 c1254 c159 c1419 c1373 c1273
VoiceProv4
c208 c1083 c401 c876 c765 c1123 c968 c655 c1387 c322 c315 c376 c1065 c798 c1404 c912 c1368 c469 c924 c825 c1382 c1389 c702 c1260 c119 c1096 c979 c1225 c603 c1446 c1006 c1159 c115 c960 c994
DrawingsLitev8
c1276 c663 c1390 c1329 c1429 c640 c9 c13 c1441 c742 c1032 c1247 c906 c267 c339 c1496 c673 c464 c435 c488 c87 c805 c590 c54 c670 c1177 c614 c863 c1422 c548 c1057 c814 c478 c460 c114 c719 c142 c1262 c1410 c463 c1192 c964 c187 c1371 c1215 c535 c513 c922 c64 c620 c1162 c1030 c1058 c348
ChromecastNextv4
c1143 c795 c927 c605 c788 c511 c929 c506 c92 c1379 c165 c362 c82 c975 c594 c75 c361 c857 c867 c1291 c328 c961 c1497 c391 c653 c996 c1475 c386 c1098 c495 c1073 c581 c118 c1493 c871 c1383 c711 c239 c1375 c675 c1193 c524 c105 c1000 c758 c766 c1494 c837 c827 c1107 c740 c1081 c51 c1108 c861 c398 c266 c556 c351
ImagesNextv7
c108 c140 c1221 c558 c154 c1392 c443 c1478 c491 c1443 c571 c1153 c103 c625 c446 c203 c677 c770 c822 c1288 c643 c748 c413 c639 c716 c485 c1374 c1041 c473 c1490 c275 c285 c428 c1074 c487 c1406 c63 c1377 c445 c1092 c323 c414 c204 c852 c1223 c246 c1114 c1264 c826 c324 c1100 c335 c155 c715 c534 c755 c840
AndroidTVMaxv4
c747 c1261 c1095 c889 c1024 c78 c457 c1043 c1071 c168 c5 c585 c619 c1358 c657 c555 c1311 c477 c1253 c552 c895 c727 c981 c188 c1470 c1393 c474 c880 c249 c173 c16 c651 c288 c864 c420 c97 c1198 c887 c1287 c352 c1139 c468 c993 c455 c1231 c106 c1344 c1091 c568 c899 c545 c1126 c1048 c466 c1320 c937 c903 c541 c1433
SlidesXv7
c174 c1305 c1218 c19 c240 c468 c921 c652 c123 c196 c399 c648 c1297 c1229 c1318 c895 c167 c331 c318 c667 c1289 c917 c993 c901 c1380 c818 c148 c1476 c1126 c1084 c704 c372 c807 c749 c312 c756 c216 c931 c1411 c717 c545 c1245 c507 c135 c130 c1232 c835 c591 c959 c1090 c834 c377 c1344 c911
ExploreZv2
c254 c658 c228 c815 c577 c230 c777 c999 c1249 c608 c1279 c171 c1487 c57 c804 c301 c812 c559 c1414 c1314 c622 c656 c637 c32 c1316 c647 c936 c617 c385 c271 c283 c1008 c197 c806 c627 c304 c516 c828 c161 c1029 c820 c1343 c1047 c121 c100 c253 c1217 c946 c1331 c1002 c1439 c991 c550 c248 c22 c484 c394
ConnectNextv4
c1191 c202 c1355 c769 c364 c1397 c1140 c481 c406 c588 c1481 c144 c1302 c294 c885 c831 c1160 c533 c459 c129 c470 c53 c26 c1132 c264 c904 c843 c298 c365 c978 c305 c1182 c282 c1078 c1138 c564 c691 c368 c58 c284
StreamNextv8
c1224 c474 c832 c1257 c1050 c1281 c842 c613 c1271 c342 c1272 c162 c1363 c136 c1055 c1354 c751 c595 c508 c1028 c624 c220 c486 c1211 c572 c345 c451 c28 c1227 c1079 c745 c116 c234 c1179 c60 c1209 c530 c79 c565 c1127 c1298 c1146 c465 c1067 c1451 c260
PhoneProv5
c1019 c1009 c631 c539 c957 c692 c554 c819 c1409 c457 c293 c923 c1011 c329 c309 c462 c1269 c1266 c1381 c665 c854 c393 c1130 c1285 c1412 c1399 c1113 c242 c292 c357 c183 c1206 c899 c1385 c526 c1202 c1095 c1283 c16 c308 c1234 c426 c1376 c649 c568 c74 c602 c784 c1069 c1043 c225
MapsXv8
c995 c596 c1499 c1102 c1128 c914 c1308 c956 c666 c494 c1250 c636 c845 c1426 c91 c900 c609 c192 c1174 c419 c1085 c726 c731 c179 c684 c1395 c988
WearOSMaxv2
c676 c712 c954 c662 c1401 c1014 c1141 c658 c707 c4 c444 c1469 c31 c317 c1296 c606 c241 c1185 c1407 c725 c1066 c166 c1002 c1421 c417 c1076 c101 c536 c370 c1259 c1323 c211 c1122 c173 c1175 c1173 c763 c928 c1480 c283 c1187 c537 c1240 c289 c540 c472 c608 c310 c1263 c849 c1326 c1064 c621 c152 c247 c1403 c179 c405
DataSv2
c436 c915 c451 c560 c609 c613 c982 c1342 c136 c1272 c18 c892 c600 c1339 c1473 c1461 c116 c746 c530 c365 c234 c1365 c408 c407 c1354 c1182 c1319 c897 c104 c245 c397 c1316 c1471 c481 c1340 c646 c501 c832 c26 c294 c1271 c1028 c482 c965 c1055 c1018 c1299 c736 c1067 c1140 c1391 c368 c326 c260 c493 c282
ShoppingProv1
c726 c329 c1218 c149 c1148 c665 c1197 c1217 c1234 c1336 c751 c904 c1129 c989 c1439 c831 c385 c1210 c132 c28 c1211 c345 c1488 c1 c1417 c818 c337 c461 c1050 c392 c1146 c885 c1381 c53 c595 c1285 c130 c1452 c1204 c16 c617 c622 c1409 c500 c1154 c1150 c1161 c1113 c1467 c686 c1044 c923
GroupsProv2
c10 c1142 c429 c214 c1238 c1256 c696 c1351 c1258 c483 c933 c838 c274 c584 c1459 c1486 c768 c1255 c630 c723 c538 c1183 c1134 c139 c785 c1334 c1352 c300 c701 c574 c153 c453 c1010 c84 c279 c1016 c1362 c783 c642 c423 c587 c894 c579 c42 c761 c334 c1188 c207 c940 c789
WearOSMaxv1
c100 c538 c706 c240 c1387 c1160 c792 c344 c85 c579 c1280 c0 c425 c1225 c1127 c1011 c1255 c377 c343 c1016 c819 c567 c1373 c348 c1298 c829 c1233 c36 c602 c1224 c1305 c974 c1472 c171 c1451 c1007 c526 c1130 c1275 c187 c1171 c1131 c1222 c1208 c1268 c765 c517 c492 c702 c19 c453 c568 c33 c1216 c315 c1328 c1159 c507
CurrentsXv7
c1310 c432 c223 c833 c306 c1341 c233 c1033 c762 c734 c330 c896 c628 c847 c601 c870 c782 c250 c249 c110 c454 c1367 c184 c151 c402 c321 c133 c553 c1332 c1157 c698 c288 c865 c1304 c1139 c641 c1246 c1144 c688 c1121 c1149 c72 c604 c583 c1164 c7 c1052 c96 c1418
ChromeZv7
c599 c484 c987 c598 c437 c607 c985 c868 c163 c1198 c1369 c1282 c78 c1133 c231 c1205 c1219 c200 c209 c1136 c941 c91 c1343 c1386 c1213 c999 c471 c505 c134 c146 c355 c638 c1470 c810 c186 c910 c38 c273 c799 c299 c860 c555 c1008 c489 c678 c131 c1116 c57 c37 c920
DaydreamProv6
c107 c439 c986 c320 c793 c1244 c619 c855 c1189 c395 c1360 c237 c226 c76 c205 c258 c39 c654 c713 c693 c450 c1172 c943 c1286 c657 c683 c70 c1468 c967 c679 c1449 c341 c753 c893 c34 c263 c886 c415 c475 c509 c1048 c367 c1101 c963 c635 c88 c932 c418 c1135 c1156 c1166 c757 c409 c626 c194 c1026 c66 c512
TravelUltrav7
c1073 c407 c801 c137 c1340 c697 c347 c561 c279 c1057 c999 c603 c284 c133 c1489 c64 c863 c648 c374 c39 c326 c120 c533 c799 c1454 c325 c613 c908 c202 c90 c357 c1096 c936 c762 c292 c630 c631 c331 c1075 c356 c1080 c1003 c131 c1304 c1450 c305 c1471 c1245 c824 c107 c47 c614 c217 c1081 c744 c224 c432
BooksUltrav6
c209 c112 c359 c1247 c213 c219 c469 c1215 c398 c16 c1207 c959 c454 c5 c1086 c123 c143 c1290 c45 c530 c1383 c989 c174 c1163 c1232 c427 c1285 c1156 c870 c783 c782 c923 c268 c1209 c675 c742 c1162 c1363 c511 c633 c1234 c807 c1354 c1008 c1077 c1411 c378 c1056 c1154 c1381 c1129 c1006 c1484 c74 c1191 c544
PatentsLitev7
c113 c977 c841 c1097 c546 c333 c797 c301 c1017 c384 c124 c634 c777 c1495 c271 c754 c1405 c1267 c812 c1325 c714 c422 c94 c416 c804 c844 c527 c1049 c816 c30 c944 c905 c1314 c866 c296 c1313 c371 c1492 c400 c1322 c138 c1045 c1315 c559 c269 c1236 c230 c1112
DaydreamZv6
c190 c887 c504 c379 c718 c1203 c1270 c815 c946 c1438 c1047 c127 c1230 c699 c645 c550 c708 c1165 c828 c161 c806 c681 c121 c1413 c1155 c1330 c898 c836 c1029 c276 c695 c878 c1400 c394 c169 c221 c270 c1337 c150 c647 c875 c703 c627 c22 c1034 c1015 c880 c1248 c286 c874 c369 c387 c516 c346 c687 c181 c926
ClassroomProv8
c894 c865 c272 c1426 c918 c1491 c1139 c1372 c139 c61 c761 c768 c389 c1444 c96 c549 c330 c879 c10 c1051 c991 c601
TranslateSv8
c1253 c353 c790 c1415 c290 c192 c1201 c1487 c364 c172 c332 c1227 c1317 c60 c7 c3 c685 c709 c77 c1079 c1333 c969 c976 c843 c760 c201 c1277 c433 c572 c850 c738 c97 c185 c381 c52 c636 c248 c109 c1324 c249
BloggerLitev6
c503 c727 c261 c780 c1388 c651 c1214 c497 c889 c947 c1284 c1384 c182 c971 c1335 c311 c12 c21 c410 c720 c811 c1004 c821 c1241 c243 c466
ReleaseUltrav2
c509 c255 c659 c674 c895 c739 c1318 c575 c319 c1283 c635 c1449 c889 c429 c1346 c1265 c641 c89 c1301 c70 c1241 c796 c1279 c1281 c298
DuoProv6
c1384 c1345 c862 c468 c55 c887 c756 c789 c1274 c176 c162 c226 c1072 c769 c909 c1438 c1341 c1456 c1308 c157 c681 c418
KeepNextv5
c532 c988 c196 c129 c966 c1021 c1344 c1310 c1367 c596 c1054 c1121 c1033 c8 c441 c1099 c1412 c993 c423 c424 c12 c821 c672 c916 c1142 c624 c167 c983 c565 c1089 c1447 c917 c197
CodeNextv2
c470 c1151 c158 c573 c225 c817 c802 c1359 c1376 c1269 c1266 c1261 c811 c1242 c465 c502 c56 c1238 c477 c858 c1183 c257 c1179 c1352
SheetsZv6
c258 c1284 c550 c145 c1118 c1202 c1243 c839 c342 c1015 c803 c121 c76 c654 c346 c627 c1043 c1188 c135 c1214 c779 c1062 c698 c306 c891 c21 c387 c369 c308 c723 c833 c264 c122 c1400 c72
StreetViewNextv7
