87
ChromeLitev7
c740 c1018 c140 c41 c398 c53 c624 c58 c949 c50 c413 c1186 c1481 c364 c48 c565 c99 c950 c476 c36 c841 c602 c1140 c265 c1326 c207 c330 c730 c151 c1283 c893 c422 c819 c939 c881 c952 c1033 c223 c1019 c1252 c1255 c564 c320 c751 c1116 c699 c439 c1094 c902 c782 c1366 c510 c957 c495 c133
ClassroomProv4
c66 c417 c70 c408 c1157 c514 c184 c1355 c846 c1403 c539 c388 c799 c682 c86 c486 c295 c1065 c1265 c649 c662 c1052 c1103 c681 c1257 c1365 c816 c1015 c1069 c191 c1418 c1401 c540 c634 c28 c1113 c264 c472 c1165
PatentsLitev8
c111 c973 c480 c1367 c812 c384 c37 c715 c1324 c932 c224 c919 c890 c278 c357 c697 c183 c1046 c1467 c703 c1136 c101 c410 c1472 c292 c1055 c378 c32 c680 c554 c374 c405 c1276 c1163 c454 c1031 c1127 c306 c520 c530 c87 c85 c671 c672 c1266 c1256 c311 c1249 c942
SkyXv9
c1284 c604 c591 c803 c655 c291 c692 c1461 c665 c1325 c425 c986 c356 c857 c762 c1191 c444 c6 c579 c533 c831 c289 c1489 c205 c781 c1236 c423 c1468 c678 c779 c1022 c35 c1130 c465 c446 c1371 c90 c922 c1210 c1211 c1264 c176 c978 c335 c878 c1138 c784 c1303 c1492 c329
DatabaseUltrav7
c491 c1073 c770 c744 c648 c1301 c432 c605 c275 c700 c64 c1422 c1417 c1348 c132 c120 c1029 c549 c57 c1156 c304 c879 c1216 c29 c1296 c276 c379 c527 c1272 c828 c1050 c110 c964 c167 c1385 c149 c1067 c1478 c847 c3 c159 c1078 c1037 c622 c915 c760 c817 c394 c550 c825 c766 c1023 c1086 c1383 c525 c1224
TranslateProv2
c180 c271 c595 c1414 c1392 c698 c1129 c257 c228 c204 c777 c1342 c327 c883 c59 c1159 c1161 c225 c1398 c186 c737 c326 c65 c1394 c487 c1487 c764 c1377 c323 c33 c55 c507 c26 c1171 c837 c701 c1077 c1411 c577
AndroidSv3
c640 c1179 c626 c1207 c959 c1109 c765 c248 c925 c171 c517 c1488 c1304 c14 c100 c67 c485 c45 c536 c348 c13 c617 c679 c1254 c656 c196 c623 c231 c1234 c773 c647 c999 c436 c365 c654 c270 c1005 c1007 c1076 c255 c1400 c31 c548 c18 c632 c1271 c567 c315
SkyNextv7
c1387 c460 c78 c1143 c544 c470 c724 c500 c1092 c829 c991 c1298 c553 c11 c506 c658 c166 c885 c1233 c1160 c488 c359 c1431 c1490 c217 c455 c279 c1441 c849 c780 c1075 c457 c1192 c897 c1368 c1089 c1100 c1093 c134 c931 c1406
StorageUltrav2
c736 c954 c328 c513 c1104 c282 c795 c1154 c1471 c975 c1289 c241 c1397 c386 c907 c1168 c1112 c259 c39 c294 c137 c1208 c1423 c1251 c725 c371 c603 c1241 c615 c1419 c1285 c1451 c614 c310 c202 c843 c1206 c877 c1227 c1341
NewsXv4
c814 c130 c807 c1376 c1316 c161 c590 c675 c1126 c1098 c1373 c1243 c518 c61 c1409 c511 c581 c1450 c734 c892 c1413 c739 c322 c1040 c52 c826 c631 c56 c1421 c174 c1454 c1009 c1196 c1079 c561 c793 c1008 c219 c1096 c267
LearnProv6
c1299 c1074 c1144 c116 c0 c794 c1003 c633 c543 c60 c355 c464 c478 c437 c1346 c645 c1134 c242 c1081 c797 c1072 c450 c928 c832 c1182 c414 c283 c263 c135 c229 c669 c556 c738 c1354 c148 c1328 c1108 c769 c1131 c368 c416 c1318 c435 c733 c768 c345 c1162 c143 c870 c908
FormsNextv5
c343 c1172 c293 c427 c1290 c663 c641 c1202 c1219 c155 c917 c584 c1310 c284 c689 c1280 c1035 c1173 c74 c9 c1440 c742 c1001 c83 c1184 c424 c347 c801 c361 c481 c1177 c377 c1080 c1245 c404 c319 c269 c705 c1066 c901 c625 c234 c1405 c1470 c785 c989 c1090 c650 c147 c1213 c642 c1351 c534 c331 c339
FinanceLitev1
c77 c968 c153 c1335 c164 c268 c783 c1083 c428 c1011 c104 c723 c1275 c1123 c94 c1416 c1209 c1203 c1204 c863 c1114 c854 c475 c904 c1274 c1205 c463 c696 c445 c305 c162 c300 c1028 c951
SlidesZv6
c342 c317 c211 c1247 c987 c1240 c136 c767 c628 c1388 c448 c154 c187 c426 c994 c974 c451 c1269 c745 c1407 c1339 c1372 c27 c984 c1215 c333 c239 c1248 c923 c1064 c158 c1232 c1166 c1230 c1026 c474 c868 c945 c933 c583 c1443
PatentsProv3
c612 c34 c946 c961 c1343 c1223 c385 c856 c63 c1058 c748 c613 c706 c1057 c909 c990 c324 c1032 c822 c501 c1268 c209 c249 c108 c1141 c449 c833 c325 c393 c578 c646 c1006 c468 c1246 c651 c19 c940 c466
FuchsiaZv7
c146 c92 c757 c336 c72 c1062 c1135 c30 c142 c571 c1175 c823 c1054 c353 c589 c1262 c1288 c1415 c776 c1412 c1391 c704 c1322 c607 c1357 c910 c1282 c389 c152 c686 c1068 c499 c88 c1495 c993 c962 c526 c1291 c172 c407 c1119 c664 c203 c390 c606 c5 c273 c1238 c818 c1329 c1164 c898 c936 c1 c693 c1260 c469
ChromecastZv5
c1229 c103 c546 c492 c258 c886 c1493 c944 c1170 c1390 c189 c246 c131 c312 c1014 c1048 c659 c1496 c395 c1363 c218 c759 c851 c362 c194 c200 c314 c1337 c1091 c998 c206 c1479 c963 c1473 c493 c498 c1218 c685 c1030 c1070 c1188
PhotoSv9
c1315 c1311 c1445 c750 c1195 c247 c230 c516 c376 c983 c1121 c23 c121 c98 c1147 c661 c197 c824 c266 c1360 c729 c673 c537 c1369 c1332 c1381 c713 c1043 c1263 c1452 c1225 c479 c1041 c127 c1056 c25 c1132 c796 c1237 c1197 c929 c1410 c635 c985 c845 c630 c412 c716 c221 c1302 c285 c38 c728
VoiceNextv7
c1456 c1221 c1039 c871 c568 c1273 c588 c233 c411 c360 c866 c874 c865 c888 c434 c850 c1408 c852 c979 c1253 c420 c1004 c173 c1449 c1088 c260 c387 c916 c1336 c802 c921 c112 c409 c208
DatasetSearchZv7
c558 c502 c652 c261 c842 c54 c1444 c1146 c535 c443 c1399 c1107 c611 c1087 c175 c977 c1095 c519 c301 c806 c125 c298 c370 c12 c996 c165 c1099 c670 c16 c1139 c695 c813 c815 c709 c243 c1133 c115 c667 c1042 c350 c1013 c139 c1420 c334 c882 c1429 c636 c677
FlightsNextv3
c1217 c1198 c1428 c214 c369 c1484 c1097 c22 c1340 c1294 c761 c141 c337 c1222 c1395 c1189 c462 c400 c560 c296 c346 c401 c168 c303 c835 c887 c676 c190 c789 c1389 c838 c1279 c538 c1475 c254 c1047 c344 c1375 c1185 c170 c1402 c575 c69 c859 c1386 c541 c433 c895 c596 c1002 c619 c727 c594
YouTubeXv1
c1034 c805 c1281 c1292 c157 c643 c351 c392 c867 c1258 c982 c138 c118 c352 c179 c1364 c402 c461 c599 c193 c1314 c1361 c746 c441 c844 c220 c1176 c1378 c707 c93 c1379 c452 c340 c123 c598 c1183 c396 c1110 c156 c399
PatentsZv3
c947 c274 c1321 c1362 c1459 c89 c442 c308 c198 c691 c160 c382 c653 c73 c199 c367 c62 c321 c894 c821 c216 c71 c1334 c809 c1359 c1305 c79 c299 c181 c188 c1349 c1295 c755 c924 c253 c557 c1259 c869 c290 c1370 c1382 c504 c145 c960
GameSv2
c482 c1404 c1000 c338 c804 c129 c1494 c222 c240 c1239 c91 c447 c113 c1437 c800 c524 c1049 c1455 c1016 c1059 c215 c639 c1427 c489 c47 c1071 c1498 c1486 c1149 c820 c1469 c834 c545 c1345
DaydreamUltrav1
c97 c185 c182 c429 c494 c1297 c758 c1446 c788 c719 c1102 c2 c1380 c68 c860 c509 c473 c621 c889 c245 c150 c585 c967 c610 c418 c875 c601 c1352 c1309 c637 c1277 c7 c107 c861 c477 c905 c1214 c712 c608 c226 c880 c573 c397 c840 c1036
FlightsSv2
c855 c722 c569 c252 c912 c483 c891 c638 c178 c51 c1137 c75 c688 c505 c576 c1300 c1425 c122 c1499 c853 c532 c708 c972 c42 c572 c503 c714 c471 c1226 c1491 c542 c227 c587 c798 c372 c1060 c1190 c1150 c1447 c1480 c1063 c114 c787 c1317 c1220 c415 c1115 c899
LoggingProv9
c128 c1438 c1200 c84 c307 c903 c574 c969 c354 c1270 c332 c349 c1053 c287 c1120 c1287 c237 c341 c941 c4 c1151 c1153 c896 c884 c1084 c95 c926 c1244 c1010 c1384 c1330 c827 c403 c1180 c1027 c627 c381 c20 c302 c484 c943 c1181 c741 c80 c995 c1331
ImagesZv5
c277 c800 c755 c274 c960 c947 c821 c281 c199 c1259 c660 c299 c240 c691 c89 c570 c91 c188 c1334 c924 c24 c1469 c62 c406 c743 c1305 c113 c1321 c1433 c1049 c308 c73 c1149 c524 c459 c965 c820 c1267 c809 c545 c321 c290 c46 c1362 c869 c21 c1494 c653 c496 c71 c1016 c253 c834 c1486 c1382
DuoZv7
c778 c1358 c1044 c1045 c913 c1356 c144 c288 c1432 c1465 c1101 c1118 c430 c862 c232 c600 c105 c1085 c683 c839 c467 c1313 c555 c830 c593 c163 c1187 c1261 c1124 c497 c1169
PhotoLitev1
c1024 c731 c810 c848 c1483 c980 c971 c958 c440 c938 c309 c754 c976 c920 c375 c763 c117 c96 c1453 c212 c717
PhotoNextv6
c201 c586 c508 c235 c523 c1306 c453 c44 c1125 c195 c373 c1448 c1436 c1323 c702 c1462 c1497 c297 c914 c1374 c1338
ShoppingUltrav8
c1242 c1344 c1025 c935 c169 c244 c1393 c1105 c1476 c1434 c1320 c272 c1020 c1466 c930 c358 c213 c551 c124 c988 c82 c521 c774 c687 c1122 c238
ShoppingNextv6
c292 c1249 c836 c454 c1021 c1467 c1427 c442 c1498 c530 c894 c37 c672 c715 c552 c720 c384 c1256 c810 c918 c966 c1286 c973 c129 c447
AndroidTVMaxv4
c812 c371 c1471 c539 c1024 c681 c877 c994 c376 c1302 c1069 c649 c479 c932 c1197 c1052 c1015 c247 c1373 c184 c795 c1136 c1208 c1040 c278 c52 c295 c378 c111 c86 c975 c333 c388 c486 c1157 c1418 c311 c417 c306 c70 c614 c1152 c581 c634 c697 c357 c1257 c28 c799 c1265 c39 c513 c703 c826 c137 c1421 c1450 c511 c725
ImagesSv4
c1307 c890 c1324 c1163 c259 c1443 c482 c732 c1127 c480 c1046 c938 c1012 c241 c1166 c754 c1370 c145 c32 c1459 c1112 c317 c458 c183 c224 c1341 c1367 c763 c1230 c40 c216 c1240 c1451 c87 c101 c919 c1206 c615 c1251 c328 c620 c1031 c520 c680 c1472 c1276 c1239 c410 c942 c671 c1055 c791 c554
FinanceSv2
c1409 c553 c359 c11 c1316 c849 c1113 c500 c846 c380 c1096 c386 c448 c1477 c1243 c457 c540 c426 c342 c374 c814 c985 c1365 c724 c1212 c516 c892 c970 c1089 c1241 c1397 c488 c78 c1160 c736 c310 c682 c455 c1093 c197 c264
ChatLitev7
c1322 c1154 c607 c843 c1098 c191 c1165 c1164 c66 c945 c1454 c72 c1092 c910 c92 c1 c1100 c713 c897 c1068 c211 c1401 c1065 c1041 c1237 c1227 c1192 c1047 c603 c217 c1062 c1298 c1413 c470 c514 c1376 c816 c662 c407 c219 c279 c907 c1355 c1075 c991 c780 c85 c451 c1104 c619 c829
DreamXv8
c1419 c1403 c174 c1423 c1329 c1404 c161 c693 c134 c408 c1387 c571 c931 c1437 c818 c401 c166 c222 c267 c1388 c1103 c936 c673 c47 c23 c472 c1266 c158 c885 c793 c923 c974 c322 c589 c1288 c1175 c1315 c1233 c136 c1406 c61 c635 c1143 c702 c1285 c294 c405 c1381 c1079 c526
MapsUltrav8
c1121 c168 c1412 c1222 c750 c367 c1119 c127 c296 c282 c984 c142 c835 c187 c1189 c130 c796 c729 c285 c1431 c152 c353 c756 c1368 c868 c675 c658 c1457 c499 c390 c993 c1168 c5 c504 c202 c1490 c1026 c845 c1269 c1247 c273 c1294 c412 c10 c575 c56 c739 c1185 c664 c887 c544 c962 c203 c518
VideoUltrav2
c1123 c767 c983 c506 c382 c933 c1391 c770 c1073 c232 c1348 c1417 c734 c1296 c369 c195 c744 c1217 c474 c1008 c1475 c817 c379 c760 c149 c275 c159 c110 c1410 c120 c766 c445 c657 c57 c1023 c1339 c463 c1441 c904 c527 c201 c828 c915 c879 c104 c1422 c622 c1232 c1385 c525 c1274 c898
SitesUltrav3
c64 c656 c648 c460 c632 c231 c999 c1304 c100 c790 c1179 c1275 c315 c1279 c469 c432 c925 c1050 c628 c162 c550 c67 c171 c1242 c1216 c348 c394 c1478 c631 c1109 c248 c517 c1289 c153 c1078 c1009 c251 c1203 c1400 c167 c1067 c154 c700 c1005 c1335 c1234 c82
ExploreZv2
c1449 c327 c228 c409 c1272 c304 c3 c88 c204 c132 c1209 c1456 c1487 c837 c804 c765 c31 c1383 c26 c964 c561 c411 c605 c270 c487 c647 c14 c617 c491 c271 c1301 c507 c847 c257 c365 c701 c1238 c968 c1394 c1064 c180 c863 c276 c577 c1204 c29 c186 c1377 c1282 c1224 c1260 c696 c55 c1205 c549 c1161 c1122
DataSv1
c326 c1407 c825 c698 c595 c170 c1159 c737 c1077 c1132 c1196 c723 c1398 c225 c686 c807 c1231 c921 c268 c783 c597 c630 c1037 c300 c916 c309 c830 c1129 c747 c1262 c654 c1372 c1156 c1311 c854 c196 c462 c1342 c626 c1414 c1028 c1445 c323 c640 c1207
DataUltrav8
c596 c121 c1415 c233 c254 c160 c1357 c43 c1488 c1349 c555 c987 c1263 c920 c850 c606 c687 c485 c1004 c13 c208 c548 c387 c1029 c266 c593 c866 c79 c428 c567
FlightsProv7
c1340 c600 c475 c22 c1225 c1235 c1011 c1336 c1254 c453 c959 c1453 c988 c955 c255 c773 c1114 c1045 c45 c1054 c1086 c583 c1386 c728 c590 c1082 c679 c1360 c1056 c1345 c1248 c623 c852
ChromeZv2
c1299 c1253 c621 c1072 c345 c437 c769 c645 c135 c794 c757 c1318 c229 c59 c908 c883 c338 c768 c1328 c435 c1007 c25 c226 c608 c1134 c1495 c283 c464 c60 c0 c144 c1411 c594 c717 c33 c146 c1081 c1402 c450 c536 c143 c1108 c242 c400 c414 c1131 c639 c65 c1083 c875 c556
StreetViewZv4
c1393 c1051 c557 c212 c954 c911 c27 c1375 c172 c96 c1198 c551 c198 c508 c98 c1395 c1187 c776 c305 c839 c951 c303 c1485 c971 c192 c164 c1195 c181 c30 c94 c716 c1071 c1126
ShoppingUltrav6
c1135 c221 c1169 c1076 c1392 c1369 c262 c752 c704 c1271 c1171 c336 c661 c18 c1374 c824 c1215 c538 c997 c77 c1273 c360 c389 c106 c802 c112 c141 c537 c1332 c745 c777 c1344 c956 c1320 c344 c434 c913 c433 c1408 c239 c1039 c1101 c764 c420 c914
ChatZv9
c1019 c36 c116 c1110 c1255 c643 c473 c881 c1258 c865 c477 c140 c1378 c399 c413 c53 c207 c48 c740 c416 c928 c138 c1314 c97 c41 c797 c489 c832 c1481 c265 c929 c568 c819 c699 c952 c841 c564 c902 c957
MapsZv4
c346 c979 c1097 c1358 c895 c1291 c436 c609 c958 c173 c1416 c1333 c1359 c1043 c874 c935 c888 c778 c337 c1428 c683 c38 c1088 c105 c512 c230 c541 c119 c906 c1147 c528 c1199 c236 c76 c117 c497 c871 c1338 c1474
TranslateNextv9
c355 c324 c1020 c1366 c34 c1002 c1141 c1176 c249 c449 c789 c75 c397 c124 c19 c714 c456 c1038 c1057 c805 c150 c889 c833 c1246 c193 c148 c1354 c738 c982
StreamNextv8
c788 c1278 c1484 c1480 c1425 c468 c930 c613 c573 c782 c1268 c637 c727 c209 c252 c576 c853 c598 c452 c478 c624 c471 c578 c1446 c572 c325 c385 c569 c560 c1432 c398 c1074 c976 c393 c523 c612 c1223 c1379 c1343 c949 c870 c522 c1006 c214 c946 c260
PhoneProv5
c1467 c352 c461 c422 c950 c692 c483 c1182 c1137 c1252 c169 c151 c2 c855 c341 c1150 c880 c1032 c798 c665 c707 c712 c1084 c856 c1347 c1287 c840 c396 c292 c1461 c781 c715 c289 c990 c786 c340 c1180 c1283 c1256 c761 c651 c940 c484 c1303 c42 c803 c602 c90 c861 c190 c565
StreetViewLitev5
c417 c70 c1024 c633 c703 c11 c681 c479 c63 c985 c1397 c310 c614 c1499 c1389 c444 c384 c1236 c1476 c1264 c627 c1371 c909 c827 c418 c896 c320 c857 c1249 c39 c973 c1210 c333 c1418 c1069 c1060 c799 c1093 c156 c539 c746 c672 c1096 c826 c423 c823 c133 c1421 c6 c1361 c457 c1003 c197
DaydreamZv6
c994 c513 c1214 c795 c784 c814 c495 c111 c1206 c1241 c1240 c374 c386 c368 c604 c652 c1243 c919 c216 c812 c1468 c224 c1031 c669 c736 c107 c58 c1089 c530 c1052 c695 c722 c1365 c35 c1399 c334 c329 c446 c1471 c1292 c1144 c178 c99 c1265 c724 c1015 c1451 c356 c163 c1157 c1452 c1211 c86 c139 c1166 c671 c1444
StreamXv2
c1382 c584 c137 c498 c343 c264 c234 c625 c998 c892 c319 c689 c101 c1295 c342 c500 c615 c359 c846 c476 c183 c540 c284 c7 c733 c653 c1221 c670 c1066 c534 c482 c1170 c1370 c1473 c430 c932 c388 c685 c481 c947 c977 c543 c742 c554 c357 c751 c677 c269 c175 c779 c755 c331 c1127 c1276 c9 c1177 c641 c377 c108
AndroidTVSv9
c1142 c563 c509 c587 c927 c118 c1183 c238 c93 c349 c884 c403 c363 c1323 c1380 c1000 c893 c1270 c1434 c1162 c860 c753 c220
ConnectNextv4
c588 c266 c697 c696 c364 c83 c986 c744 c1441 c204 c1346 c863 c147 c28 c1008 c831 c1160 c1163 c186 c1383 c311 c1245 c26 c760 c1033 c29 c308 c298 c680 c978 c306 c232 c879 c1136 c1138 c1161 c335 c922 c898 c1113
SearchSv2
c247 c454 c185 c961 c1058 c376 c820 c439 c425 c926 c426 c601 c996 c402 c259 c73 c128 c328 c438 c16 c205 c1429 c1324 c291 c1146 c676 c447 c516 c237 c811 c1149 c524 c295 c243 c1116 c50 c488 c1239 c115 c1426 c455 c1230 c24 c502 c859 c223 c1341 c545 c655
VoiceUltrav2
c725 c667 c1373 c1042 c1306 c800 c1409 c1284 c869 c1331 c1309 c649 c821 c1133 c113 c611 c1325 c553 c415 c441 c378 c1251 c1105 c972 c585 c299 c732 c1112 c1356 c1352 c91 c763 c1049 c1034 c129 c1140 c84 c599 c278 c535 c429 c330 c1334 c719 c89 c743 c1055 c634 c581 c706
DaydreamSv6
c372 c1349 c87 c708 c520 c1316 c1010 c878 c245 c579 c131 c1390 c350 c404 c13 c1091 c1099 c942 c1263 c240 c975 c165 c1172 c424 c1350 c762 c785 c1208 c663 c1488 c1139 c1080 c659 c759 c1202 c486 c1290 c1450 c918 c1302 c1357 c395 c944 c1186 c37 c905 c184 c79 c1321
NewsZv2
c1027 c1351 c1046 c258 c1486 c1259 c1257 c891 c257 c480 c71 c912 c228 c1155 c387 c3 c1191 c965 c1118 c567 c511 c103 c507 c678 c748 c1130 c1209 c842 c428 c1459 c804 c1487
PhoneProv7
c194 c705 c559 c558 c288 c448 c371 c890 c321 c1244 c850 c1310 c155 c939 c189 c1212 c894 c886 c1491 c646 c1174 c1013 c1048 c459 c1087 c1430 c642 c1405
CurrentsXv7
c460 c1417 c700 c304 c533 c1266 c1406 c14 c1175 c1073 c682 c1288 c365 c847 c571 c549 c838 c1314 c1255 c251 c1385 c162 c782 c491 c983 c738 c432 c294 c605 c1233 c1440 c1348 c1422 c469 c1224 c53 c158 c1109 c631 c315 c564 c48 c1234 c1029 c1090 c1472 c260 c693 c590
VoiceXv4
c293 c496 c149 c312 c1354 c849 c52 c272 c399 c1391 c1274 c55 c1217 c822 c1188 c699 c657 c492 c797 c1366 c1493 c302 c193 c555 c828 c427 c957 c1415 c1153 c834 c647 c31 c413 c1394 c1057 c574 c960 c132 c123 c501 c489 c765 c525 c833 c314
ChartsLitev5
c617 c1151 c1123 c1012 c324 c806 c405 c180 c923 c1232 c526 c600 c635 c351 c1296 c915 c199 c270 c174 c485 c369 c254 c1272 c116 c110 c793 c899 c701 c881 c1377 c1396 c1064 c445 c851 c120 c1056 c1248 c1301 c1315 c1367 c1305 c1001 c964 c22 c917 c687 c527 c885 c1054 c1019
StreamZv6
c253 c88 c968 c43 c1282 c1125 c519 c263 c466 c941 c215 c176 c817 c1200 c767 c1204 c1384 c506 c844 c463 c629 c848 c157 c591 c392 c1018 c606 c206 c1095 c1023 c741 c383 c467 c465 c771 c361 c730 c246 c546 c182 c593 c290 c244 c836 c1280 c1362 c1260 c577 c487 c410 c561 c442 c382 c1004
SitesProv9
c233 c877 c1438 c474 c1308 c1115 c924 c1122 c32 c691 c347 c249 c1061 c1337 c145 c109 c1300 c124 c1498 c933 c1443 c505 c1040 c789 c1261 c1427 c622 c316 c901 c80 c1449 c17 c379 c78 c548 c1102 c862 c714 c766 c770 c966
BloggerNextv6
c818 c951 c1436 c166 c867 c1480 c889 c1268 c623 c408 c134 c776 c1074 c1085 c959 c1379 c1313 c832 c1340 c478 c468 c355 c578 c1423 c325 c650 c305 c1110 c1181 c161 c1254
PatentsLitev7
c613 c686 c841 c1285 c339 c928 c159 c1381 c749 c1223 c837 c231 c1363 c551 c271 c754 c902 c1470 c882 c1342 c210 c688 c1400 c196 c1193 c1028 c64 c783 c1079 c30 c1398 c618 c1445 c866 c929 c268 c1037 c1492 c348 c1275 c394 c1045 c1094 c1103 c12 c698 c170 c154
ArtsZv2
c679 c568 c255 c1238 c20 c1286 c207 c1489 c638 c974 c1387 c222 c138 c303 c317 c27 c1158 c716 c1035 c1017 c148 c1364 c560 c409 c931 c1195 c393 c1246 c125 c36 c637 c275 c904 c989 c140 c104 c121 c982 c946 c720 c981 c493 c1395 c1114 c936 c1481 c397 c1479 c1022 c411 c788 c406 c1424 c1030 c1225 c1446 c673 c734
WearOSMaxv1
c326 c601 c241 c1137 c1184 c417 c376 c1336 c883 c1112 c1146 c821 c425 c761 c949 c801 c341 c740 c826 c1133 c1156 c567 c1373 c400 c870 c15 c118 c516 c602 c803 c608 c912 c1378 c70 c310 c1209 c97 c681 c1343 c338 c472 c457 c267 c242 c909 c68 c517 c1038 c702 c19 c283 c743 c787 c643 c136 c169 c444 c1003
DrawingsLitev8
c1397 c135 c573 c1086 c632 c295 c1207 c624 c672 c423 c443 c839 c1421 c1335 c150 c327 c820 c737 c893 c1069 c1216 c398 c1418 c300 c1196 c60 c614 c1456 c799 c454 c437 c703 c1131 c25 c633 c1093 c11 c550 c621 c229 c1009 c594 c414 c439 c93 c156 c1149 c961 c384 c473 c952 c6 c1324 c772
ChromeZv7
c599 c396 c603 c595 c111 c133 c435 c553 c895 c1198 c1369 c856 c71 c626 c228 c1205 c1251 c925 c209 c950 c358 c1144 c652 c725 c1213 c354 c471 c990 c805 c279 c908 c871 c940 c167 c1104 c910 c1249 c259 c999 c1052 c451 c914 c736 c645 c1399 c532 c655 c94 c475 c453
SitesMaxv7
c1299 c943 c654 c1014 c248 c572 c556 c153 c1050 c1439 c634 c47 c1341 c1499 c39 c172 c45 c1496 c1304 c1494 c1132 c1203 c539 c768 c1420 c757 c1143 c431 c250 c769 c1140 c74 c441 c916 c1219 c1011 c857 c987 c1078 c452 c54 c728 c225 c938 c598 c464 c33 c1096 c297 c640 c545 c509 c536 c1361 c378 c1159
DaydreamProv6
c107 c1236 c581 c507 c665 c374 c840 c1386 c95 c143 c1289 c237 c226 c1281 c1467 c258 c669 c387 c243 c692 c649 c373 c842 c1015 c1265 c994 c171 c1468 c678 c188 c1005 c144 c795 c223 c565 c480 c100 c164 c362 c1046 c985 c1243 c1007 c1032 c1006 c1380 c86 c418 c146 c1182 c1410 c812 c815 c58 c426 c1471 c1329 c1452
ShoppingProv1
c260 c48 c1419 c291 c245 c793 c1301 c693 c333 c344 c514 c611 c1129 c270 c915 c831 c180 c1210 c1098 c1042 c1211 c1090 c1488 c292 c1417 c51 c1116 c461 c1450 c173 c322 c1008 c798 c1245 c1472 c1215 c130 c763 c897 c1212 c617 c1451 c1409 c1001 c298 c838 c1161 c750 c205 c254 c975 c923
SlidesXv7
c455 c1305 c1218 c930 c240 c1389 c3 c1255 c1070 c891 c1416 c782 c23 c449 c1318 c1288 c1376 c1247 c318 c667 c412 c1157 c993 c1269 c328 c1293 c1428 c1476 c513 c1084 c704 c158 c351 c934 c495 c1404 c216 c1206 c878 c717 c1441 c984 c1405 c113 c1175 c1232 c835 c67 c99 c1164 c1292 c991 c1187 c911
GroupsProv2
c861 c512 c1186 c265 c1119 c1403 c1237 c520 c973 c639 c184 c90 c152 c1487 c1080 c1298 c301 c79 c942 c723 c538 c1444 c715 c1401 c1256 c794 c320 c1072 c360 c98 c1227 c1197 c353 c87 c671 c1372 c1262 c868 c1192 c1077 c664 c1303 c579 c1390 c1392 c1326 c13 c197 c1100 c202
SlidesMaxv6
c204 c939 c1271 c1113 c1124 c251 c1109 c1073 c499 c869 c1406 c1273 c289 c724 c1458 c162 c1043 c217 c1019 c0 c364 c1190 c905 c675 c1180 c1368 c486 c1234 c804 c470 c371 c278 c1314 c898 c631 c777 c1067 c1130 c1033 c564 c900 c72 c26 c744 c1383 c612 c1224 c1302 c1270 c879 c1168 c1346 c1162 c680 c432 c1465 c920 c927
ChromecastNextv4
c1066 c1041 c1056 c605 c1422 c696 c589 c685 c1064 c863 c620 c972 c919 c34 c781 c75 c28 c147 c1297 c549 c746 c922 c1151 c391 c401 c996 c1177 c1461 c742 c709 c155 c986 c1462 c1163 c641 c424 c324 c56 c713 c128 c676 c139 c977 c335 c814 c419 c1339 c282 c738 c1083 c1179 c308 c1349 c183 c726 c1123 c1173 c1240 c440
ImagesNextv7
c108 c355 c1221 c558 c307 c762 c1049 c1478 c491 c447 c571 c1313 c103 c625 c446 c306 c677 c500 c37 c7 c1344 c377 c345 c142 c9 c485 c1374 c1248 c192 c607 c385 c285 c428 c1074 c211 c357 c481 c1377 c445 c1092 c1229 c304 c859 c885 c284 c334 c832 c1264 c343 c876 c38 c1360 c5 c785 c534 c755 c1448
TravelUltrav7
c400 c112 c801 c444 c1340 c697 c1127 c670 c1135 c867 c1373 c989 c431 c35 c1489 c329 c1241 c998 c1017 c39 c241 c120 c448 c780 c1454 c1233 c702 c342 c53 c784 c488 c1096 c936 c369 c266 c27 c1047 c701 c540 c356 c136 c1003 c36 c469 c493 c567 c1026 c248 c15 c482 c1112 c917 c214 c1225 c1183 c224 c148
TranslateSv8
c1191 c502 c790 c683 c69 c873 c208 c1088 c630 c185 c332 c198 c695 c523 c368 c479 c24 c190 c77 c1432 c1333 c274 c42 c774 c1242 c852 c1277 c433 c76 c1228 c1 c1425 c1165 c381 c287 c706 c1176 c1148 c651 c619
WebserverZv3
c296 c397 c716 c1447 c44 c1238 c892 c200 c988 c1201 c1076 c1160 c1138 c1296 c166 c269 c82 c850 c1266 c951 c323 c1345 c96 c1371 c568 c1437 c61 c365 c477 c760 c727 c524 c1252 c733 c1479 c213 c662 c1387 c855 c2 c1490 c747 c1317 c708 c554
SheetsZv6
c1140 c1431 c174 c981 c635 c340 c317 c325 c536 c378 c74 c825 c572 c1322 c1352 c959 c570 c904 c172 c436 c779 c1062 c1440 c533 c889 c1053 c1446 c899 c1494 c732 c331 c264 c104 c1365 c54
BooksUltrav6
c209 c829 c949 c802 c1014 c1208 c1166 c1125 c745 c1122 c844 c1259 c1385 c303 c740 c821 c600 c33 c458 c283 c472 c32 c1263 c405 c346 c874 c856 c379 c870 c1204 c407 c509 c1260 c1209 c1299 c730 c658 c393 c769 c1054 c1434 c807 c247 c999 c1108 c1411 c179 c865 c645 c417 c203 c319 c914 c275 c279 c544
