64
StreetViewXv2
RuthW PrzemekF HiroshiS
ScholarZv1
RuthY MichalQ PrzemekP LarryU
VoiceZv6
HiroshiQ MichalS
ChromeLitev4
LarryU MichalY PrabhakarA
DataSv9
PrzemekG HiroshiC TatiyanaX MaxA PrabhakarA SundarX JenP MichalI BakhodirD FionaB
LoggingXv4
SergeyJ StepanV MaxK
GroupsZv8
BakhodirL PetarI StepanL MichalV BenjaminK
BloggerProv9
BenjaminK
FeedBurnerLitev8
StefanN BenjaminL PrabhakarE
PixelProv1
MatasF
SantaTrackerProv9
PrzemekV
SheetsZv4
RuthF SergeyR
TravelProv6
FionaB
AndroidTVLitev7
StepanJ MichalD JenE TatiyanaZ MatasH NellyM BakhodirM LarryL StefanA
CollectionsProv5
HiroshiT SundarD PetarZ
AndroidAutoZv1
PetarV HiroshiL
PatentsMaxv2
MaxV PetarD MatasR MatasZ HiroshiH RuthJ BenjaminX BakhodirG ThomasE LarryC
MoonUltrav4
LarryN
DocsUltrav2
BakhodirB NellyM ClementA NellyW LarryL PrabhakarM RuthL JenL
ClassroomSv2
RuthX
LearnProv8
JenI
AssistantNextv5
PrabhakarE StefanW PrzemekC PhilippA PetarN BakhodirR PrabhakarO MichalQ StepanW MaxW PetarA StefanM HiroshiB FionaT PrzemekI BakhodirL SundarM BenjaminY SergeyH
BuildProv1
PrabhakarI
ClassroomProv5
RuthE PrzemekI TatiyanaB MichalA SergeyG StefanQ SundarM BakhodirC RuthO RuthP StefanM StepanK StefanN RuthT StepanH
AndroidTVMaxv1
LarryC NellyY MaxA JenE SergeyV SergeyW TatiyanaD FionaL SusanD BenjaminK PhilippV BenjaminG ThomasE PhilippT HiroshiF SergeyU
MarsUltrav4
PhilippY SergeyA TatiyanaT BenjaminY PetarG StepanL NellyO MichalQ PhilippE LarryG BakhodirJ MichalF SusanC BakhodirB PetarA PrabhakarV RuthP
CurrentsProv7
SusanT
DataNextv9
ClementO SergeyR HiroshiI JenE LarryL FionaZ JenF StepanK PrzemekH BenjaminR SusanN TatiyanaI PetarD SergeyA MaxK HiroshiD PetarV BenjaminY SergeyQ SergeyK LarryD TatiyanaX StefanM TatiyanaW ThomasI
TravelUltrav3
PetarR JenE
SkyZv5
SundarM
CurrentsProv2
RuthW
FormsUltrav3
ThomasL MatasF ThomasW NellyU PrabhakarU PetarN TatiyanaA StepanO
KeepXv1
PrabhakarA
CollectionsUltrav9
HiroshiZ BenjaminO
ClassroomXv9
LarryG StepanK
ConnectLitev9
SundarM
NewsXv5
SundarV PrzemekH
ScholarSv9
StefanO PrabhakarV BakhodirM SergeyR PhilippA SergeyJ StefanU PrzemekU MaxJ SusanK FionaZ
ChartsMaxv5
NellyA FionaJ MichalY StefanF FionaT
PixelSv6
PrzemekF BenjaminS SundarM
NewsMaxv1
TatiyanaT
MoonXv3
SergeyY PetarM
ReleaseLitev7
RuthT HiroshiF FionaV MaxO
ChatLitev6
NellyV SergeyU NellyD ClementI ThomasO StefanH BenjaminK PrabhakarB PetarJ PhilippS StepanK LarryC
FinanceMaxv7
MaxY StepanU SundarJ ThomasT BenjaminP
CastOSSv6
SusanH ThomasW HiroshiT
StreetViewMaxv8
PetarA
CurrentsXv1
StepanV
SearchMaxv5
StefanH StefanW NellyI PetarE BakhodirR PhilippV PrabhakarN FionaB NellyA ClementX BakhodirJ BakhodirM MichalY SergeyQ
SkyProv4
MichalZ ThomasQ
StreetViewXv9
MaxJ StefanX MaxH ThomasU NellyI
DatasetSearchLitev6
PrzemekP MaxA BenjaminJ ClementJ StefanD SundarI PhilippK PetarN HiroshiM
SearchUltrav8
HiroshiV PhilippI MichalS
ScholarXv6
SundarD StefanK PrabhakarC LarryJ RuthB SundarA RuthF HiroshiK MatasK BakhodirG TatiyanaR TatiyanaP
KeepNextv4
PrabhakarN
MapsNextv5
SusanS LarryV
ConnectXv3
StefanG
FuchsiaProv7
BenjaminH SusanV BakhodirQ
CalendarLitev5
BenjaminS StepanH PrabhakarB NellyK
FinanceXv5
BakhodirJ
CodeZv4
SusanR LarryM
BloggerProv2
StefanO FionaV SundarM
AssistantMaxv9
MichalA
DaydreamMaxv4
ThomasQ
