55
SlidesNextv2
JenZ PhilippH
SmartSv2
FionaF BakhodirW PhilippK BenjaminT FionaN
DuoZv2
PhilippY SundarP FionaF
GlassOSSv3
MatasW JenZ
StreetViewXv1
TatiyanaC JenK FionaF
GameProv6
LarryO SusanQ StefanQ
MarsUltrav8
PhilippI SergeyU SusanQ PhilippP StefanQ BenjaminT RuthX BakhodirG MatasW
FuchsiaLitev6
PhilippY BenjaminT ThomasK ClementT BakhodirW PhilippI SergeyV
StreetViewNextv3
SusanQ PhilippH JenZ
StreamXv6
BenjaminO MatasC SergeyN ClementM FionaJ
WearOSLitev5
NellyY BakhodirD TatiyanaC JenK PhilippI
DaydreamLitev7
BenjaminO
MapsSv7
SundarA PhilippK FionaF LarryO ClementM ThomasK MatasW LarryX ClementE BakhodirD
FeedBurnerMaxv3
TatiyanaC LarryO
SitesSv1
SergeyU ClementL
BloggerNextv8
PhilippP ClementE MatasW SundarL
GmailLitev9
PhilippP BakhodirG ThomasK StefanQ PetarF MatasW LarryX HiroshiF JenG SergeyN
CollectionsNextv1
TatiyanaC SergeyN MatasW JenG
ChromeNextv7
JenG BakhodirD PhilippY
ResearchXv8
SundarP ClementM BenjaminO JenK ClementE
ExploreUltrav8
BakhodirD ClementM JenG HiroshiF ClementT SusanQ ClementE
MarsLitev5
BakhodirD TatiyanaC
MapsProv8
HiroshiW StefanQ LarryX
GameLitev8
PhilippP PhilippK MatasW SergeyN
ClassroomMaxv2
TatiyanaC SusanQ
StreetViewProv9
SundarA MatasC ClementE MatasW HiroshiB PhilippK NellyY LarryO
CastOSXv6
LarryO SundarP JenG BakhodirG StefanQ ClementL SundarA
GmailSv4
PetarF NellyY
FuchsiaXv6
SundarL SundarA
WebserverProv6
PhilippP
ConnectLitev9
SundarA
BuildMaxv1
MichalB RuthX NellyY BakhodirG SergeyV
AndroidTVNextv1
MatasC NellyX SergeyV LarryO PhilippP ThomasM SergeyU JenG
DuoZv4
ThomasK SundarP LarryX ClementT PhilippK RuthX ThomasM
CastOSProv6
LarryX
CollectionsZv7
HiroshiW SundarL BakhodirD PhilippI SundarA SergeyN ClementT
GlassOSLitev9
ClementT BakhodirG SundarA PhilippK HiroshiF PhilippH
AndroidTVMaxv5
HiroshiF SundarP PhilippK
PhotoProv3
StefanQ HiroshiF BakhodirD SusanQ MichalP SergeyV SergeyU
SmartLitev9
JenZ ThomasK PhilippP
GameProv3
PhilippY
CultureProv7
MatasW TatiyanaC PhilippY SergeyU ClementT ThomasM BenjaminO ClementE
DocsNextv2
SundarP JenK ClementL
AssistantUltrav2
MatasC SergeyU StefanQ MichalP BenjaminO PhilippP
DreamSv2
SusanQ PhilippP BakhodirA JenG PhilippI MatasW
FeedBurnerMaxv1
MichalB ThomasK ClementL HiroshiF
SearchNextv1
SergeyV ThomasM MichalB SundarP ThomasK
ReleaseUltrav1
ClementT BakhodirD
AndroidAutoZv2
PhilippH HiroshiB PhilippI LarryX SergeyU
ChromeOSUltrav5
HiroshiB PhilippH SergeyU HiroshiW PhilippK ClementL
ChromeOSLitev3
PhilippP HiroshiW PhilippY
StreamXv9
JenG
MarsXv1
HiroshiF ClementT MichalB MatasH
ShoppingProv8
FionaN PhilippI
ShortsNextv7
FionaF PhilippY HiroshiF
