64
WearOSMaxv1
c326 c571 c241 c240 c485 c417 c962 c1336 c506 c579 c1146 c154 c650 c1488 c794 c801 c1423 c1086 c343 c92 c1156 c306 c831 c155 c1291 c905 c1233 c131 c1077 c1356 c1305 c974 c120 c322 c1377 c1209 c1369 c837 c1275 c1348 c472 c172 c677 c1208 c909 c765 c294 c537 c1122 c766 c1197 c568 c347 c643 c136 c1043 c1062 c1003
ShoppingProv1
c260 c72 c1419 c1454 c716 c793 c179 c1340 c850 c344 c470 c904 c1129 c603 c1439 c1373 c275 c1210 c132 c1289 c1211 c1090 c1225 c247 c1417 c742 c625 c461 c1050 c443 c835 c1390 c798 c1245 c595 c856 c130 c908 c897 c702 c979 c622 c925 c52 c164 c1150 c1222 c750 c416 c686 c208 c1421
DaydreamZv6
c994 c211 c331 c149 c55 c814 c495 c770 c885 c1280 c631 c1227 c1461 c699 c604 c1255 c310 c881 c951 c1418 c1067 c681 c196 c39 c384 c1079 c58 c1089 c1029 c1052 c544 c3 c1400 c133 c293 c704 c329 c446 c1471 c395 c1144 c413 c1096 c1265 c724 c1192 c1451 c356 c895 c1157 c1175 c658 c932 c1232 c1304 c1056 c744
StreamZv6
c931 c165 c315 c526 c1285 c1006 c1271 c1397 c1033 c538 c605 c176 c680 c703 c1413 c1065 c959 c330 c1273 c229 c795 c1247 c432 c591 c166 c1018 c1098 c386 c60 c1136 c1272 c377 c675 c1243 c469 c361 c1005 c246 c762 c174 c481 c590 c31 c692 c1438 c556 c915 c185 c487 c410 c561 c1383 c1365 c1398
GroupsProv2
c374 c355 c1230 c217 c335 c1403 c991 c1391 c632 c626 c1163 c784 c642 c779 c986 c549 c378 c550 c630 c1234 c679 c1444 c832 c139 c278 c656 c320 c464 c408 c1138 c153 c453 c543 c1094 c671 c66 c1262 c783 c1009 c602 c350 c1123 c514 c736 c1392 c1326 c13 c207 c1100 c1407
TravelUltrav7
c1073 c428 c801 c444 c1340 c1355 c347 c622 c146 c132 c831 c603 c750 c133 c1489 c329 c1280 c998 c1215 c39 c1129 c120 c448 c1173 c1454 c1233 c1122 c908 c641 c55 c158 c1096 c211 c130 c765 c555 c631 c331 c425 c356 c136 c1003 c131 c1304 c1450 c306 c1471 c1245 c905 c1079 c579 c452 c135 c1488 c744 c681 c1417
SlidesXv7
c1263 c608 c1218 c19 c1137 c463 c285 c1473 c123 c891 c399 c1095 c23 c1229 c1318 c761 c274 c802 c318 c667 c685 c427 c1114 c1251 c328 c818 c148 c1476 c513 c71 c221 c1475 c351 c1125 c312 c1404 c216 c1206 c1411 c717 c672 c1205 c1405 c1470 c899 c524 c1338 c111 c108 c1164 c834 c305 c1187 c763
WearOSMaxv2
c676 c285 c1336 c662 c485 c1041 c1400 c446 c854 c75 c1159 c1229 c829 c148 c1411 c742 c241 c724 c1407 c335 c602 c1135 c1114 c1421 c417 c1076 c633 c537 c208 c108 c328 c936 c702 c1230 c1175 c266 c763 c1161 c716 c1197 c643 c397 c424 c1265 c1075 c472 c1057 c595 c1262 c960 c1326 c1406 c350 c642 c247 c1403 c378 c408
ImagesNextv7
c501 c1007 c929 c558 c154 c546 c443 c1478 c491 c1443 c571 c1153 c103 c625 c1162 c27 c677 c1479 c1146 c968 c1344 c1086 c345 c142 c1480 c1387 c856 c1014 c1373 c607 c275 c921 c407 c1074 c441 c1064 c1150 c1377 c445 c1092 c115 c833 c204 c404 c1223 c686 c993 c1264 c343 c470 c426 c725 c155 c785 c793 c222 c840
StreamXv2
c30 c584 c1268 c468 c826 c26 c234 c982 c1047 c1422 c319 c689 c271 c617 c1452 c500 c134 c359 c846 c1127 c1108 c540 c224 c598 c90 c451 c1221 c249 c140 c665 c1381 c1342 c267 c700 c289 c659 c187 c1360 c1310 c257 c254 c405 c143 c898 c1372 c1109 c338 c0 c186 c739 c769 c170 c33 c1276 c1207 c1177 c871 c748 c1259
DatabaseUltrav7
c151 c476 c961 c1343 c1249 c530 c964 c1104 c564 c223 c348 c87 c48 c388 c939 c782 c1252 c486 c1401 c1256 c304 c539 c649 c1481 c1046 c99 c53 c1472 c952 c1116 c730 c454 c1367 c265 c398 c86 c751 c41 c1140 c878 c6 c1283 c1069 c1366 c1492 c295 c950 c624 c455 c50 c1019 c949 c740 c510 c902 c1224
PhotoSv9
c825 c264 c422 c1031 c1284 c1257 c701 c849 c1303 c191 c478 c291 c184 c1015 c799 c364 c816 c715 c248 c819 c1186 c180 c536 c623 c890 c70 c292 c225 c357 c1172 c1081 c1302 c480 c841 c1103 c1299 c423 c828 c888 c1301 c589 c664 c183 c634 c14 c1165 c893 c1325 c137 c36 c507 c100 c520
SitesUltrav3
c64 c411 c1113 c460 c439 c781 c1008 c1410 c647 c887 c1179 c323 c1160 c1316 c678 c1296 c1023 c311 c1266 c942 c1139 c67 c1487 c1354 c957 c5 c35 c29 c760 c1368 c283 c85 c682 c159 c807 c1166 c110 c973 c1351 c167 c1468 c488 c466 c977 c228 c1112 c697
ChromeZv7
c961 c1222 c989 c310 c591 c432 c605 c294 c1392 c1098 c1050 c1285 c837 c1372 c1033 c1205 c1251 c925 c209 c1136 c538 c1144 c1255 c464 c1160 c165 c1348 c990 c134 c671 c355 c871 c1470 c167 c699 c1342 c326 c273 c799 c1177 c451 c630 c384 c164 c1127 c516 c746 c202 c847 c179
FlightsNextv3
c11 c1213 c640 c1467 c978 c527 c1282 c517 c239 c565 c1371 c88 c1204 c812 c1022 c74 c577 c334 c1048 c65 c567 c857 c646 c1254 c171 c369 c205 c738 c733 c457 c922 c648 c954 c242 c1055 c1130 c379 c764 c465 c813 c231 c1339 c940 c1191 c817 c511 c83 c94 c879 c32 c1290 c1078 c525
DaydreamProv6
c337 c1401 c581 c978 c454 c1244 c1290 c72 c1171 c395 c506 c849 c987 c924 c357 c9 c364 c1275 c1011 c1089 c648 c369 c766 c614 c1132 c994 c70 c1067 c1328 c474 c334 c1423 c1345 c223 c816 c83 c1249 c298 c1040 c1052 c14 c7 c901 c1032 c510 c1299 c782 c868 c279 c1156 c664 c1418 c770 c58 c940 c339 c36 c640
DataSv1
c61 c789 c843 c462 c367 c258 c28 c737 c1143 c22 c1196 c928 c387 c907 c910 c983 c1 c1121 c655 c1441 c327 c1385 c1037 c263 c353 c1456 c780 c365 c919 c560 c615 c1394 c1414 c276 c845 c548 c806 c1058 c493 c663 c1324 c1445 c883 c270 c1072
ConnectNextv4
c907 c248 c697 c696 c942 c480 c1385 c1227 c672 c45 c101 c1473 c812 c553 c1008 c473 c897 c1324 c11 c635 c311 c53 c231 c760 c264 c624 c18 c489 c507 c196 c518 c923 c879 c1078 c1196 c564 c389 c922 c554 c1113
ChromecastNextv4
c719 c805 c865 c435 c803 c1237 c1185 c1042 c1016 c652 c620 c611 c82 c975 c594 c4 c479 c147 c867 c1486 c1380 c368 c1151 c391 c401 c1415 c372 c1068 c606 c1168 c400 c1002 c984 c705 c638 c95 c47 c56 c713 c25 c1193 c1352 c105 c62 c534 c842 c1494 c78 c1188 c1083 c393 c1288 c1182 c654 c861 c745 c1147 c1362 c145
SkyXv9
c1219 c693 c877 c1154 c336 c707 c189 c1246 c1388 c1013 c673 c37 c162 c1315 c1313 c1126 c1346 c436 c324 c533 c999 c471 c1496 c219 c1335 c1236 c1449 c409 c1399 c863 c1054 c1298 c535 c773 c255 c1070 c573 c917 c698 c269 c1141 c57 c1490 c59 c1431 c916 c1409 c1035 c844 c1093
DrawingsLitev8
c557 c613 c1001 c1329 c627 c317 c838 c669 c545 c1195 c709 c325 c509 c695 c1026 c360 c820 c284 c1332 c1465 c1216 c734 c757 c300 c1080 c299 c508 c822 c1238 c161 c437 c1202 c1131 c1248 c1357 c308 c886 c156 c621 c498 c352 c1314 c414 c1184 c1097 c824 c1292 c1119 c93 c354 c168 c797 c1337 c303
SlidesMaxv6
c859 c939 c270 c754 c260 c910 c543 c348 c111 c13 c92 c1318 c289 c1221 c1476 c403 c293 c217 c589 c1211 c1484 c500 c618 c137 c1095 c1109 c415 c1234 c1077 c514 c371 c278 c250 c626 c1240 c3 c257 c1341 c26 c338 c19 c54 c826 c1444 c1485 c1209 c717 c1343 c224 c433 c495 c1375 c632 c1419 c35 c1381 c453 c1069
CastOSUltrav6
c671 c1340 c965 c179 c1131 c428 c289 c625 c1074 c591 c1211 c306 c686 c1478 c581 c1280 c514 c131 c1234 c384 c1272 c746 c681 c770 c39 c1324 c167 c1208 c140 c1263 c1381 c444 c744 c404
CurrentsXv7
c460 c655 c617 c304 c567 c1266 c493 c228 c762 c615 c330 c1225 c680 c37 c679 c549 c932 c1445 c550 c1058 c1394 c1367 c28 c151 c736 c29 c1490 c517 c162 c1283 c698 c187 c1422 c469 c1224 c1296 c1246 c983 c556 c1065 c1149 c1386 c604 c1252 c413 c1243 c321 c1217 c590
BooksUltrav6
c801 c31 c359 c331 c356 c219 c1304 c374 c1123 c1122 c1207 c1096 c548 c1073 c305 c1450 c395 c33 c45 c920 c1383 c603 c174 c1163 c1232 c1157 c1374 c1156 c1291 c120 c782 c923 c1233 c994 c675 c1005 c658 c712 c991 c1346 c850 c807 c1354 c1008 c1108 c1316 c614 c1056 c298 c798 c1129 c510 c555 c526 c166 c544
MapsUltrav8
c528 c1322 c1412 c396 c237 c912 c314 c1203 c340 c282 c394 c1376 c309 c77 c442 c1286 c796 c729 c578 c768 c152 c892 c852 c1295 c1091 c173 c434 c34 c499 c12 c870 c1270 c80 c492 c645 c599 c150 c160 c1269 c230 c259 c519 c1170 c385 c575 c1260 c767 c333 c587 c91 c450 c1134 c104 c203
ChartsLitev5
c979 c834 c909 c214 c1112 c1468 c65 c1414 c1446 c890 c89 c667 c129 c376 c1046 c1368 c536 c32 c455 c94 c1498 c225 c353 c878 c110 c814 c486 c701 c22 c85 c1302 c233 c963 c1015 c1472 c1382 c1359 c530 c646 c184 c1305 c52 c439 c944 c1139 c484 c1303 c885 c706 c1115
DatasetSearchZv7
c402 c218 c10 c261 c943 c855 c1051 c341 c1176 c475 c390 c1107 c1044 c412 c175 c206 c1495 c1294 c301 c894 c125 c728 c777 c541 c449 c639 c1039 c116 c776 c583 c1274 c200 c851 c612 c1183 c985 c723 c804 c821 c342 c1241 c346 c1420 c1169 c63 c1028 c1440 c194
StreamNextv8
c1301 c817 c931 c1257 c1369 c229 c1022 c16 c1271 c342 c1268 c1048 c777 c315 c87 c1 c751 c598 c795 c1029 c887 c471 c1154 c478 c572 c703 c653 c682 c481 c176 c1141 c116 c234 c740 c60 c612 c90 c700 c57 c794 c271 c322 c465 c462 c1094 c943
SearchSv2
c1070 c255 c1165 c368 c1170 c846 c361 c1191 c540 c1184 c663 c601 c1100 c1408 c1236 c1066 c88 c394 c183 c186 c1467 c1080 c292 c86 c422 c1193 c803 c1179 c1363 c226 c427 c139 c1055 c713 c1116 c50 c488 c606 c323 c1365 c888 c1461 c898 c502 c66 c1062 c628 c1441 c156
DreamXv8
c243 c188 c182 c687 c588 c1334 c661 c1281 c1349 c815 c1253 c866 c610 c882 c1198 c860 c1030 c947 c112 c862 c127 c21 c1277 c875 c1474 c1189 c600 c967 c1493 c759 c51 c1004 c1020 c1034 c1447 c253 c268 c788 c98 c1311 c1425 c245 c1084 c138 c930 c670 c197 c482 c121 c945
AndroidMaxv2
c376 c304 c1417 c978 c765 c1414 c736 c1215 c1391 c1141 c229 c1065 c310 c1177 c1422 c116 c152 c975 c516 c1472 c267 c454 c1 c132 c329 c9 c940 c278 c133 c1171 c327 c158 c279 c617 c495 c748 c1285 c605 c413 c414
ChromecastZv5
c195 c1416 c1085 c199 c1099 c1279 c946 c1389 c1087 c287 c1088 c933 c1181 c1364 c1433 c38 c636 c2 c1378 c1330 c73 c911 c869 c362 c688 c532 c1361 c119 c1402 c1437 c1395 c1110 c505 c418 c1133 c853 c800 c880 c1214 c477 c1120
ChatLitev7
c1428 c141 c787 c715 c497 c191 c1284 c623 c1453 c956 c291 c1427 c889 c1060 c190 c841 c181 c370 c1309 c714 c1186 c1469 c382 c819 c755 c277 c1499 c1102 c823 c520 c1436 c1491 c1321 c1031 c876 c827 c1049 c551 c281 c691 c542 c727 c1124 c893 c926 c828 c634 c180 c722 c619 c1024
ExploreZv2
c977 c265 c781 c815 c41 c802 c947 c138 c482 c608 c1143 c171 c1487 c398 c1010 c1000 c112 c245 c1072 c902 c1366 c949 c637 c1037 c21 c647 c466 c952 c764 c565 c283 c99 c1481 c806 c365 c1140 c780 c1019 c1339 c242 c650 c258 c205 c577 c100 c423 c649 c1451 c1282 c74 c730 c511 c387 c1104 c381 c476 c950
PatentsLitev8
c429 c792 c113 c1459 c1220 c758 c988 c570 c609 c1226 c290 c447 c874 c504 c40 c232 c1258 c114 c46 c1429 c731 c996 c976 c708 c576 c810 c1297 c569 c97 c296 c193 c1370 c124 c1200 c1267 c1036 c1455 c522 c596 c778 c84 c1384 c1287 c406 c198 c483 c1307 c580 c809
MapsZv4
c593 c1384 c1192 c1358 c1081 c213 c996 c1325 c958 c344 c830 c576 c1278 c904 c874 c20 c741 c172 c114 c227 c1289 c1429 c118 c113 c1210 c504 c825 c609 c232 c808 c76 c1258 c810 c881 c201 c918 c1103 c835 c149
ConnectUltrav5
c818 c182 c262 c215 c937 c1323 c547 c467 c524 c1405 c738 c1025 c955 c366 c240 c84 c862 c1172 c1012 c157 c1148 c6 c1370 c251 c563 c899 c1462 c399 c1043 c670
VoiceProv4
c1341 c925 c180 c579 c1273 c745 c922 c655 c485 c322 c315 c983 c897 c1465 c1404 c1227 c915 c664 c924 c176 c30 c463 c702 c1076 c417 c959 c979 c147 c989 c1421 c1006 c1159 c323 c1113 c904
BloggerNextv6
c67 c951 c1424 c678 c436 c221 c410 c689 c964 c405 c896 c957 c194 c535 c320 c1379 c860 c986 c1281 c1028 c457 c1452 c1039 c239 c268 c673 c533 c769 c319 c377 c1254
TranslateNextv9
c1287 c711 c1338 c1349 c1300 c1459 c349 c1231 c1030 c421 c1021 c1239 c895 c124 c930 c169 c197 c791 c406 c212 c1334 c788 c23 c1475 c974 c813 c1371 c107 c1308
VoiceXv4
c1399 c804 c813 c312 c317 c1138 c1001 c1314 c695 c659 c1398 c784 c692 c822 c253 c1456 c430 c1495 c1409 c737 c1412 c367 c153 c1425 c416 c917 c442 c254 c1183 c1054 c1292 c824 c1202 c161 c545 c1322 c237 c437 c0 c1259 c645 c59 c665 c768 c314
DaydreamSv6
c967 c51 c945 c708 c883 c1297 c584 c1315 c1118 c324 c789 c64 c687 c1493 c568 c914 c588 c809 c198 c1388 c515 c999 c127 c461 c1426 c1313 c527 c447 c693 c71 c560 c832 c1013 c525 c409 c318 c656 c1276 c954 c574 c420 c143 c1298 c1219 c863 c244 c296 c79 c973
DataSv2
c6 c1109 c451 c455 c1160 c16 c1116 c1342 c1080 c689 c18 c847 c846 c377 c1255 c320 c1193 c156 c530 c680 c234 c1365 c405 c74 c1070 c1182 c799 c1204 c104 c838 c187 c487 c1471 c932 c228 c1296 c80 c931 c1033 c294 c1271 c1029 c1464 c221 c87 c1018 c604 c568 c1067 c986 c1013 c1019 c326 c1052 c1372 c879
ShoppingUltrav6
c1492 c1130 c772 c295 c1036 c857 c966 c790 c704 c972 c123 c969 c980 c490 c651 c15 c1331 c1356 c997 c1455 c68 c1350 c42 c106 c552 c388 c616 c1038 c48 c1213 c379 c252 c976 c1320 c1180 c220 c913 c1256 c683 c1206 c761 c1090 c585 c539 c1434
BloggerProv4
c282 c242 c58 c1488 c1357 c1089 c974 c696 c698 c38 c1003 c796 c173 c1390 c647 c844 c550 c347 c135 c885 c32 c1242 c274 c364 c1139 c121 c1487 c1032 c299 c1359 c1217 c1216 c469 c901 c816 c1164 c1366 c53 c387 c1078 c577 c536 c611 c1246 c11 c908 c646 c492
MarsNextv7
c880 c151 c1274 c1305 c1310 c1209 c939 c699 c697 c878 c125 c672 c575 c738 c325 c1168 c998 c942 c202 c556 c679 c996 c1445 c1348 c1243 c1002 c800
SmartLitev2
c339 c1475 c224 c1376 c411 c928 c709 c1173 c866 c1418 c257 c1195 c1245 c1444 c608 c389 c351 c489 c493 c265 c797 c1260 c1226 c1045 c632 c338
DatasetSearchUltrav4
c933 c730 c781 c802 c578 c627 c1091 c188 c398 c870 c468 c1143 c5 c613 c1395 c1107 c528 c205 c1410 c1034 c336 c1037 c498 c406 c245 c423 c1093 c1084 c1481 c381 c1282 c1413 c246 c283 c780 c930 c895 c1351 c269
PatentsLitev7
c729 c130 c1371 c1097 c1026 c723 c159 c1015 c10 c448 c78 c77 c393 c199 c565 c750 c877 c1267 c757 c110 c169 c919 c211 c185 c892 c1339 c1303 c391 c1140 c865 c944 c905 c594 c720 c65 c1380 c450 c258 c400 c1302 c138 c886 c773 c129 c1368 c259 c701 c1498
StadiaProv2
c459 c1023 c97 c290 c1247 c1218 c962 c1360 c313 c1311 c276 c995 c458 c783 c1438 c1137 c43 c1200 c243 c1483 c193 c236 c1439 c494 c288 c513 c1277 c1397 c177
DuoProv6
c719 c319 c810 c1389 c90 c165 c756 c641 c1099 c825 c435 c1069 c26 c511 c1268 c787 c34 c399 c1225 c432 c464 c868
SantaTrackerLitev5
c1411 c630 c3 c964 c1004 c1127 c408 c1461 c186 c1400 c517 c64 c407 c241 c491 c1144 c909 c35 c1392 c57 c436 c926 c790 c52 c1290 c1387 c103 c248 c457 c849 c740 c275 c1057 c1382 c471 c154 c700 c1405 c1454 c480 c149 c462 c105 c134 c703
WebserverZv3
c705 c397 c716 c418 c1072 c999 c1040 c794 c394 c837 c268 c1213 c136 c1315 c907 c332 c1299 c1434 c1266 c951 c1035 c1224 c1079 c439 c42 c28 c371 c507 c197 c677 c214 c139 c1252 c55 c500 c1041 c1030 c94 c72 c1011 c368 c142 c546 c595 c626
FuchsiaLitev1
c1248 c477 c1112 c1253 c1104 c233 c985 c649 c263 c815 c845 c1440 c1189 c532 c412 c836 c124 c484 c1431 c401 c150 c63 c667 c890 c1126 c1269 c786 c438 c25 c843 c734 c206 c301 c1496 c652 c1120 c963 c1307 c203
SitesProv9
c107 c1432 c791 c365 c207 c1119 c1333 c483 c569 c739 c1393 c341 c1061 c1337 c47 c109 c1300 c707 c479 c73 c916 c505 c466 c733 c61 c145 c561 c272 c1016 c1105 c1449 c1329 c806 c475 c360 c639 c764 c386 c1349 c1110 c950
SitesMaxv7
c128 c766 c615 c460 c1205 c648 c631 c217 c1050 c12 c231 c853 c353 c1009 c669 c778 c36 c1489 c69 c1288 c760 c1203 c1083 c270 c567 c812 c85 c754 c316 c1237 c1068 c1238 c21 c24 c871 c390 c1279 c987 c1136 c452 c300 c624 c225 c762 c7 c284 c1470 c287 c297 c640 c910 c509 c670 c554 c851 c196
PatentsXv6
c761 c1251 c1443 c445 c1272 c698 c1208 c856 c1074 c487 c803 c140 c19 c545 c312 c1090 c1326 c643 c763 c204 c1239 c879 c696 c1211 c464 c343 c577 c783
TranslateSv8
c1402 c20 c597 c1415 c941 c831 c370 c171 c1484 c172 c674 c481 c1334 c60 c1490 c777 c682 c612 c826 c447 c1328 c827 c1155 c56 c1132 c1493 c425 c143 c572 c1228 c184 c1369 c835 c789 c519 c706 c984 c1148 c499 c622
ReleaseUltrav2
c1446 c623 c181 c478 c896 c976 c1249 c558 c157 c1283 c1345 c977 c636 c1230 c633 c1265 c1407 c446 c598 c70 c200 c382 c596 c1281 c164
ClassroomProv8
c929 c1416 c250 c653 c954 c1491 c795 c1066 c524 c1241 c286 c23 c1165 c966 c337 c549 c330 c1092 c1244 c1051 c769 c474
AndroidUltrav5
c533 c36 c1470 c345 c1196 c334 c1179 c1086 c1084 c832 c1441 c656 c1083 c271 c1058 c554 c527 c1275 c75 c423 c353 c973 c1287 c1214 c247 c309 c196 c624 c1125 c819
SheetsZv6
c1480 c1378 c888 c1408 c1118 c178 c1428 c839 c342 c869 c1301 c50 c76 c1343 c1352 c501 c190 c13 c606 c551 c779 c137 c1236 c518 c788 c1146 c948 c369 c308 c333 c833 c583 c889 c1437 c54
GlassOSNextv9
c685 c112 c903 c160 c1176 c911 c732 c380 c1286 c947 c767 c402 c1188 c383 c340 c861 c1115 c731 c650 c867 c1046 c1338 c1362 c599 c988 c503 c372 c1468 c449 c949 c482 c119 c1166 c553 c776 c811
