68
DaydreamMaxv4
ThomasQ
AssistantMaxv9
MichalA
CodeZv4
RuthY BenjaminR
FinanceXv5
ClementV
CalendarLitev5
BenjaminS StepanH PrabhakarB NellyK
FuchsiaProv7
BenjaminJ SusanV BakhodirQ
ConnectXv3
StefanG
MapsNextv5
SusanS FionaZ
KeepNextv4
PrabhakarN
ScholarXv6
SundarD StefanK PrabhakarC BakhodirR RuthB SundarA RuthF JenL MatasK BakhodirG TatiyanaR TatiyanaP
StorageSv6
SundarM PrabhakarI StefanA PhilippQ BakhodirO RuthB StefanM JenM MichalO FionaJ PrzemekI HiroshiW PetarI FionaH JenE MaxK LarryW TatiyanaI FionaT SergeyK MichalW
SearchUltrav8
SergeyG PhilippI MichalS
DatasetSearchLitev6
PrzemekP MaxA BenjaminH ClementJ StepanL SundarI PhilippK PetarN HiroshiM
StreetViewXv9
PrzemekQ StefanX MaxH ThomasU NellyI
SkyProv4
BakhodirC ThomasQ
CurrentsXv1
StepanV
StreetViewMaxv8
PetarA
CastOSSv6
SusanH HiroshiI HiroshiT
FinanceMaxv7
MaxY StepanU HiroshiL ThomasT SusanT
ChatLitev6
NellyV MaxM NellyD ClementI ThomasO StefanH BenjaminK PrabhakarB PetarJ PhilippS StepanK LarryC
ReleaseLitev7
RuthT SergeyW FionaV MaxO
MoonXv3
SergeyY PetarM
NewsMaxv1
TatiyanaT
ChartsMaxv5
NellyA ClementG MichalY SusanK PetarO
NewsXv5
SundarV PrzemekH
ClassroomXv9
LarryG StepanK
CollectionsUltrav9
HiroshiZ BenjaminO
KeepXv1
PrabhakarA
FormsUltrav3
ThomasL MatasF ThomasW PetarD PrabhakarU PetarN TatiyanaA StepanO
CurrentsProv2
StepanJ
SkyZv5
SundarM
TravelUltrav3
PetarR JenE
DreamNextv6
PrzemekC StepanU StefanA PrzemekP PhilippN
DataNextv9
ClementO PrabhakarN HiroshiI JenE LarryL FionaZ JenF StepanK PrzemekH BenjaminR SusanN TatiyanaI PetarD SergeyA MaxK HiroshiD PetarV BenjaminY SergeyQ SergeyK LarryD TatiyanaX StefanM TatiyanaW ThomasI
CurrentsProv7
SusanT
MarsUltrav4
PhilippY SergeyA TatiyanaT BenjaminY PetarG StepanL NellyO MichalQ PhilippE LarryG BakhodirJ MichalF SusanC BakhodirB PetarA PrabhakarV RuthP
AndroidTVMaxv1
LarryC NellyY MaxA JenE SergeyV SergeyW TatiyanaD FionaL SusanD BenjaminK PhilippV BenjaminG ThomasE PhilippT StefanM SergeyU
ClassroomProv5
RuthE PrzemekG TatiyanaB MichalA SergeyG StefanQ SundarM BakhodirC RuthO RuthP StefanM StepanK StefanN RuthT StepanH
BuildProv1
PrabhakarI
AssistantNextv5
PrabhakarE StefanW PrzemekC PhilippA PetarN BakhodirR RuthL MichalQ StepanW MaxW PetarA StefanM HiroshiB FionaT PrzemekG BakhodirL SundarM BenjaminY SergeyH
LearnProv8
MichalO
ClassroomSv2
RuthX
DocsUltrav2
BakhodirB NellyM BakhodirQ NellyW LarryL PrabhakarM PrabhakarO JenL
MoonUltrav4
MaxY
PatentsMaxv2
MaxV PetarD MatasR MatasZ HiroshiH SergeyV BenjaminX BakhodirG BenjaminK LarryC
AndroidAutoZv1
PetarV MichalS
CollectionsProv5
HiroshiT SundarD PetarZ
AndroidTVLitev7
RuthW MichalD JenE ThomasI MatasH NellyM BakhodirM LarryL StefanA
TravelProv6
PhilippJ
SheetsZv4
FionaS SergeyR
SantaTrackerProv9
PrzemekV
PixelProv1
MatasF
FeedBurnerLitev8
StefanN BenjaminL PrabhakarE
AndroidTVMaxv3
HiroshiJ SergeyW MatasR StefanV PhilippN MaxK FionaV BakhodirO StefanP HiroshiT BakhodirQ StefanM HiroshiM FionaA SundarI ThomasO RuthE SergeyV
BloggerProv9
BenjaminK
GroupsZv8
BakhodirL PetarI StepanL MichalV BenjaminK
TravelZv6
ThomasL PetarA LarryI NellyI LarryE PrzemekF
LoggingXv4
SergeyJ BakhodirF PrzemekW
DataSv9
PrzemekI HiroshiC TatiyanaX MaxA PrabhakarA SundarX JenP MichalI BakhodirD FionaB
ChromeLitev4
LarryU MichalY PrabhakarA
VoiceZv6
HiroshiQ SundarJ
DuoMaxv1
BenjaminL PetarJ MaxF BenjaminG TatiyanaT LarryD BakhodirJ NellyD PhilippN PrabhakarN
DrawingsMaxv4
BenjaminH PrzemekY PetarD PrabhakarA ThomasI FionaQ MatasH SusanU JenE PhilippY ThomasK PhilippT MaxH PrzemekP RuthQ MaxA JenY StefanA NellyH MichalX ClementV
ScholarZv1
RuthY MichalQ PrzemekP BenjaminH
SlidesProv5
SergeyQ SusanN
DatasetSearchXv2
MaxZ PetarE StefanK StefanA SundarX SusanD
StreetViewXv2
RuthW PrzemekF HiroshiS
SkyLitev8
MatasK BenjaminD RuthO SusanT HiroshiD BakhodirR PhilippT ThomasZ BakhodirC PrzemekU PetarV MaxH FionaA JenU HiroshiT MatasR StefanH BakhodirS PrzemekC BenjaminB PetarG PrzemekG TatiyanaH
